[2016-11-30 18:27:56] Uploading application on server [52.210.230.236]
[2016-11-30 18:27:56] Computing changes...
[2016-11-30 18:28:00] Found 1086 file(s) changed
[2016-11-30 18:28:00] --------------------------------------------
[2016-11-30 18:28:00] REMOTE_ADD              /WRResources/CKEditor/filemanager/browser/default/images/icons/32/pdf.gif
[2016-11-30 18:28:00] REMOTE_ADD              /WRResources/ajax/jquery-ui/i18n/jquery.ui.datepicker-ko.js
[2016-11-30 18:28:00] REMOTE_ADD              /WRResources/CKEditor/filemanager/connectors/test.html
[2016-11-30 18:28:00] REMOTE_ADD              /WRResources/CKEditor/skins/moono/dialog_opera.css
[2016-11-30 18:28:00] REMOTE_ADD              /WRResources/CKEditor/filemanager/browser/default/images/icons/bmp.gif
[2016-11-30 18:28:00] REMOTE_ADD              /WRResources/properties.png
[2016-11-30 18:28:00] REMOTE_ADD              /builtin/960_Fluid_Nestable_12.css
[2016-11-30 18:28:00] REMOTE_ADD              /WEB-INF/descr/cru1.descr
[2016-11-30 18:28:00] REMOTE_ADD              /BootstrapStyle/js/bootstrap-filestyle.js
[2016-11-30 18:28:00] REMOTE_ADD              /WRResources/CKEditor/plugins/smiley/images/wink_smile.gif
[2016-11-30 18:28:00] REMOTE_ADD              /WRResources/CKEditor/plugins/smiley/images/cry_smile.png
[2016-11-30 18:28:00] REMOTE_ADD              /WRResources/CKEditor/plugins/smiley/images/sad_smile.png
[2016-11-30 18:28:00] REMOTE_ADD              /WRResources/CKEditor/plugins/smiley/images/heart.png
[2016-11-30 18:28:00] REMOTE_ADD      RESTART /WEB-INF/lib/commons-io.jar
[2016-11-30 18:28:00] REMOTE_ADD              /WEB-INF/classes/com/webratio/webapp/Post.java
[2016-11-30 18:28:00] REMOTE_ADD              /WRResources/CKEditor/plugins/smiley/images/envelope.png
[2016-11-30 18:28:00] REMOTE_ADD              /WRResources/CKEditor/plugins/a11yhelp/dialogs/lang/gu.js
[2016-11-30 18:28:00] REMOTE_ADD              /WRResources/ajax/jquery-ui/i18n/jquery.ui.datepicker-bg.js
[2016-11-30 18:28:00] REMOTE_ADD              /WRResources/CKEditor/plugins/showblocks/images/block_h6.png
[2016-11-30 18:28:00] REMOTE_ADD              /WEB-INF/descr/dau6.descr
[2016-11-30 18:28:00] REMOTE_ADD              /WEB-INF/descr/ln41.descr
[2016-11-30 18:28:00] REMOTE_ADD              /WRResources/timepicker/i18n/jquery-ui-timepicker-en.js
[2016-11-30 18:28:00] REMOTE_ADD              /WRResources/CKEditor/plugins/forms/images/hiddenfield.gif
[2016-11-30 18:28:00] REMOTE_ADD              /WRResources/ajax/jquery-ui/i18n/jquery.ui.datepicker-sk.js
[2016-11-30 18:28:00] REMOTE_ADD              /WEB-INF/descr/page12.link.descr
[2016-11-30 18:28:00] REMOTE_ADD              /WRResources/CKEditor/plugins/smiley/images/angry_smile.gif
[2016-11-30 18:28:00] REMOTE_ADD              /WRResources/CKEditor/skins/kama/editor_ie8.css
[2016-11-30 18:28:00] REMOTE_ADD              /WEB-INF/descr/miu14.link.descr
[2016-11-30 18:28:00] REMOTE_ADD              /WRResources/CKEditor/plugins/a11yhelp/dialogs/a11yhelp.js
[2016-11-30 18:28:00] REMOTE_ADD      RESTART /WEB-INF/lib/xalan.jar
[2016-11-30 18:28:00] REMOTE_ADD              /Resources/parent_level.png
[2016-11-30 18:28:00] REMOTE_ADD              /WEB-INF/descr/pwu2Block.descr
[2016-11-30 18:28:00] REMOTE_ADD              /WRResources/CKEditor/filemanager/browser/default/images/icons/vsd.gif
[2016-11-30 18:28:00] REMOTE_ADD              /WRResources/CKEditor/plugins/a11yhelp/dialogs/lang/pt.js
[2016-11-30 18:28:00] REMOTE_ADD              /WRResources/CKEditor/plugins/specialchar/dialogs/lang/pt.js
[2016-11-30 18:28:00] REMOTE_ADD              /WRResources/CKEditor/plugins/magicline/images/icon.png
[2016-11-30 18:28:00] REMOTE_ADD              /WRResources/CKEditor/plugins/a11yhelp/dialogs/lang/nb.js
[2016-11-30 18:28:00] REMOTE_ADD              /WRResources/CKEditor/filemanager/browser/default/js/fckxml.js
[2016-11-30 18:28:00] REMOTE_ADD              /BootstrapStyle/font-awesome-4.6.3/less/fixed-width.less
[2016-11-30 18:28:00] REMOTE_ADD              /WRResources/CKEditor/plugins/specialchar/dialogs/lang/et.js
[2016-11-30 18:28:00] REMOTE_ADD              /WEB-INF/descr/opm6.descr
[2016-11-30 18:28:00] REMOTE_ADD      RESTART /WEB-INF/lib/standard-taglib.jar
[2016-11-30 18:28:00] REMOTE_ADD              /BootstrapStyle/font-awesome-4.6.3/less/stacked.less
[2016-11-30 18:28:00] REMOTE_ADD              /WRResources/CKEditor/filemanager/browser/default/images/icons/mdb.gif
[2016-11-30 18:28:00] REMOTE_ADD              /WRResources/CKEditor/filemanager/browser/default/images/icons/swt.gif
[2016-11-30 18:28:00] REMOTE_ADD              /WEB-INF/descr/pwu1Last.descr
[2016-11-30 18:28:00] REMOTE_ADD              /WEB-INF/descr/inu1.descr
[2016-11-30 18:28:00] REMOTE_ADD      RESTART /WEB-INF/lib/struts-taglib.jar
[2016-11-30 18:28:00] REMOTE_ADD              /WEB-INF/descr/ln46.descr
[2016-11-30 18:28:00] REMOTE_ADD              /WEB-INF/descr/page1.descr
[2016-11-30 18:28:00] REMOTE_ADD              /WEB-INF/descr/ln16.descr
[2016-11-30 18:28:00] REMOTE_ADD              /WRResources/WRLogo50.png
[2016-11-30 18:28:00] REMOTE_ADD              /.StoreMapping
[2016-11-30 18:28:00] REMOTE_ADD              /WEB-INF/descr/page5.link.descr
[2016-11-30 18:28:00] REMOTE_ADD              /WRResources/CKEditor/filemanager/browser/default/images/icons/jpg.gif
[2016-11-30 18:28:00] REMOTE_ADD      RESTART /WEB-INF/lib/antlr.jar
[2016-11-30 18:28:00] REMOTE_ADD              /WRResources/ajax/jquery-ui/i18n/jquery.ui.datepicker-eo.js
[2016-11-30 18:28:00] REMOTE_ADD              /WEB-INF/descr/qu4.descr
[2016-11-30 18:28:00] REMOTE_ADD              /WRResources/CKEditor/plugins/specialchar/dialogs/lang/es.js
[2016-11-30 18:28:00] REMOTE_ADD              /WEB-INF/descr/ln10.descr
[2016-11-30 18:28:00] REMOTE_ADD              /WRResources/CKEditor/lang/pl.js
[2016-11-30 18:28:00] REMOTE_ADD              /WRResources/CKEditor/plugins/pastefromword/filter/default.js
[2016-11-30 18:28:00] REMOTE_ADD              /WEB-INF/descr/ln30.descr
[2016-11-30 18:28:00] REMOTE_ADD              /WRResources/CKEditor/skins/moono/images/lock-open.png
[2016-11-30 18:28:00] REMOTE_ADD              /WRResources/CKEditor/plugins/a11yhelp/dialogs/lang/it.js
[2016-11-30 18:28:00] REMOTE_ADD              /BootstrapStyle/font-awesome-4.6.3/fonts/fontawesome-webfont.eot
[2016-11-30 18:28:00] REMOTE_ADD              /WRResources/CKEditor/plugins/specialchar/dialogs/lang/pl.js
[2016-11-30 18:28:00] REMOTE_ADD              /WEB-INF/descr/okcu4.descr
[2016-11-30 18:28:00] REMOTE_ADD              /WEB-INF/descr/pwu2Last.descr
[2016-11-30 18:28:00] REMOTE_ADD              /WRResources/ajax/jquery-ui/i18n/jquery.ui.datepicker-sq.js
[2016-11-30 18:28:00] REMOTE_ADD              /WRResources/CKEditor/plugins/fakeobjects/images/spacer.gif
[2016-11-30 18:28:00] REMOTE_ADD              /page4.jsp
[2016-11-30 18:28:00] REMOTE_ADD              /WEB-INF/descr/seu9.descr
[2016-11-30 18:28:00] REMOTE_ADD              /BootstrapStyle/js/app.js
[2016-11-30 18:28:00] REMOTE_ADD              /WRResources/CKEditor/skins/moono/images/arrow.png
[2016-11-30 18:28:00] REMOTE_ADD      RESTART /WEB-INF/lib/slf4j-log4j12.jar
[2016-11-30 18:28:00] REMOTE_ADD              /WRResources/CKEditor/plugins/a11yhelp/dialogs/lang/bg.js
[2016-11-30 18:28:00] REMOTE_ADD              /WRResources/CKEditor/plugins/flash/dialogs/flash.js
[2016-11-30 18:28:00] REMOTE_ADD              /WRResources/ajax/jquery-ui/themes/smoothness/images/ui-bg_highlight-soft_75_cccccc_1x100.png
[2016-11-30 18:28:00] REMOTE_ADD              /WRResources/CKEditor/plugins/a11yhelp/dialogs/lang/ug.js
[2016-11-30 18:28:00] REMOTE_ADD              /WRResources/timepicker/jquery-ui-timepicker-addon.css
[2016-11-30 18:28:00] REMOTE_ADD              /WEB-INF/descr/ln27.descr
[2016-11-30 18:28:00] REMOTE_ADD              /WRResources/timepicker/i18n/jquery-ui-timepicker-cs.js
[2016-11-30 18:28:00] REMOTE_ADD              /WEB-INF/descr/enu6.descr
[2016-11-30 18:28:00] REMOTE_ADD              /WRResources/CKEditor/filemanager/browser/default/images/icons/doc.gif
[2016-11-30 18:28:00] REMOTE_ADD              /WRResources/ajax/jquery-ui/i18n/jquery.ui.datepicker-he.js
[2016-11-30 18:28:00] REMOTE_ADD              /Resources/PowerIndex.Last.png
[2016-11-30 18:28:00] REMOTE_ADD              /WEB-INF/descr/pwu3First.descr
[2016-11-30 18:28:00] REMOTE_ADD              /WRResources/CKEditor/filemanager/browser/default/js/common.js
[2016-11-30 18:28:00] REMOTE_ADD              /WRResources/timepicker/i18n/jquery-ui-timepicker-bg.js
[2016-11-30 18:28:00] REMOTE_ADD              /WRResources/timepicker/i18n/jquery-ui-timepicker-da.js
[2016-11-30 18:28:00] REMOTE_ADD              /WRResources/CKEditor/plugins/a11yhelp/dialogs/lang/el.js
[2016-11-30 18:28:00] REMOTE_ADD              /WRResources/CKEditor/plugins/link/dialogs/anchor.js
[2016-11-30 18:28:00] REMOTE_ADD              /Resources/minus.png
[2016-11-30 18:28:00] REMOTE_ADD              /WRResources/ajax/jquery-ui/i18n/jquery.ui.datepicker-km.js
[2016-11-30 18:28:00] REMOTE_ADD              /WRResources/CKEditor/plugins/smiley/images/heart.gif
[2016-11-30 18:28:00] REMOTE_ADD              /WRResources/timepicker/i18n/jquery-ui-timepicker-hu.js
[2016-11-30 18:28:00] REMOTE_ADD              /WEB-INF/descr/ln43.descr
[2016-11-30 18:28:00] REMOTE_ADD              /BootstrapStyle/js/adjustPublicPage.js
[2016-11-30 18:28:00] REMOTE_ADD              /BootstrapStyle/font-awesome-4.6.3/fonts/fontawesome-webfont.ttf
[2016-11-30 18:28:00] REMOTE_ADD              /Resources/sub_level.png
[2016-11-30 18:28:00] REMOTE_ADD              /WEB-INF/descr/mfu1.descr
[2016-11-30 18:28:00] REMOTE_ADD      RESTART /WEB-INF/conf/RTXConfig.properties
[2016-11-30 18:28:00] REMOTE_ADD              /WRResources/CKEditor/plugins/a11yhelp/dialogs/lang/da.js
[2016-11-30 18:28:00] REMOTE_ADD              /WEB-INF/descr/enu2.descr
[2016-11-30 18:28:00] REMOTE_ADD              /WEB-INF/descr/page6.descr
[2016-11-30 18:28:00] REMOTE_ADD      RESTART /WEB-INF/lib/jempbox.jar
[2016-11-30 18:28:00] REMOTE_ADD              /WEB-INF/descr/page9.descr
[2016-11-30 18:28:00] REMOTE_ADD              /WRResources/ajax/jquery-ui/i18n/jquery.ui.datepicker-ta.js
[2016-11-30 18:28:00] REMOTE_ADD              /WRResources/CKEditor/filemanager/browser/default/images/icons/32/doc.gif
[2016-11-30 18:28:00] REMOTE_ADD              /WEB-INF/descr/ln25.descr
[2016-11-30 18:28:00] REMOTE_ADD              /WEB-INF/descr/pwu3.descr
[2016-11-30 18:28:00] REMOTE_ADD              /WEB-INF/descr/pwu4Next.descr
[2016-11-30 18:28:00] REMOTE_ADD              /WRResources/CKEditor/filemanager/browser/default/frmactualfolder.html
[2016-11-30 18:28:00] REMOTE_ADD              /WRGenericExpire.jsp
[2016-11-30 18:28:00] REMOTE_ADD              /WRResources/ajax/jquery-ui/i18n/jquery.ui.datepicker-hu.js
[2016-11-30 18:28:00] REMOTE_ADD      RESTART /WEB-INF/lib/com.webratio.units.ws.jar
[2016-11-30 18:28:00] REMOTE_ADD              /WEB-INF/classes/com/webratio/webapp/Group.java
[2016-11-30 18:28:00] REMOTE_ADD              /WRResources/CKEditor/plugins/smiley/images/tongue_smile.png
[2016-11-30 18:28:00] REMOTE_ADD              /WRResources/CKEditor/filemanager/browser/default/images/icons/32/txt.gif
[2016-11-30 18:28:00] REMOTE_ADD              /WRResources/CKEditor/plugins/wsc/dialogs/wsc_ie.js
[2016-11-30 18:28:00] REMOTE_ADD              /WEB-INF/descr/page3.link.descr
[2016-11-30 18:28:00] REMOTE_ADD      RESTART /WEB-INF/lib/dom4j.jar
[2016-11-30 18:28:00] REMOTE_ADD              /WEB-INF/descr/kln8.descr
[2016-11-30 18:28:00] REMOTE_ADD              /WRResources/timepicker/i18n/jquery-ui-timepicker-uk.js
[2016-11-30 18:28:00] REMOTE_ADD              /WEB-INF/descr/pwu4Last.descr
[2016-11-30 18:28:00] REMOTE_ADD              /WRResources/CKEditor/plugins/specialchar/dialogs/specialchar.js
[2016-11-30 18:28:00] REMOTE_ADD              /BootstrapStyle/dist/css/slate/bootstrap.min.css
[2016-11-30 18:28:00] REMOTE_ADD              /BootstrapStyle/dist/css/compact/bootstrap.css
[2016-11-30 18:28:00] REMOTE_ADD              /WRResources/CKEditor/plugins/specialchar/dialogs/lang/vi.js
[2016-11-30 18:28:00] REMOTE_ADD              /WRResources/CKEditor/plugins/specialchar/dialogs/lang/de.js
[2016-11-30 18:28:00] REMOTE_ADD              /WRResources/ajax/jquery-ui/i18n/jquery.ui.datepicker-fr.js
[2016-11-30 18:28:00] REMOTE_ADD              /WRResources/ajax/jquery-ui/themes/smoothness/images/ui-bg_glass_95_fef1ec_1x400.png
[2016-11-30 18:28:00] REMOTE_ADD              /WEB-INF/descr/kln7.descr
[2016-11-30 18:28:00] REMOTE_ADD              /WRResources/CKEditor/filemanager/browser/default/browser.html
[2016-11-30 18:28:00] REMOTE_ADD              /WRResources/timepicker/i18n/jquery-ui-timepicker-sv.js
[2016-11-30 18:28:00] REMOTE_ADD              /WEB-INF/descr/_job.manager.descr
[2016-11-30 18:28:00] REMOTE_ADD              /WRResources/CKEditor/skins/kama/images/dialog_sides.png
[2016-11-30 18:28:00] REMOTE_ADD              /WEB-INF/descr/ln24.descr
[2016-11-30 18:28:00] REMOTE_ADD              /Resources/delete.png
[2016-11-30 18:28:00] REMOTE_ADD              /WEB-INF/descr/kln11.descr
[2016-11-30 18:28:00] REMOTE_ADD              /WEB-INF/descr/page11.link.descr
[2016-11-30 18:28:00] REMOTE_ADD              /WEB-INF/descr/page6.link.descr
[2016-11-30 18:28:00] REMOTE_ADD      RESTART /WEB-INF/lib/com.webratio.debug.jar
[2016-11-30 18:28:00] REMOTE_ADD              /WRResources/protection.png
[2016-11-30 18:28:00] REMOTE_ADD              /WRResources/CKEditor/plugins/specialchar/dialogs/lang/_translationstatus.txt
[2016-11-30 18:28:00] REMOTE_ADD              /WEB-INF/descr/lgu1.descr
[2016-11-30 18:28:00] REMOTE_ADD              /Resources/assign_disabled.png
[2016-11-30 18:28:00] REMOTE_ADD              /WRResources/CKEditor/lang/cs.js
[2016-11-30 18:28:00] REMOTE_ADD              /page9.jsp
[2016-11-30 18:28:00] REMOTE_ADD              /WEB-INF/descr/miu2.descr
[2016-11-30 18:28:00] REMOTE_ADD      RESTART /WEB-INF/lib/oro.jar
[2016-11-30 18:28:00] REMOTE_ADD              /WRResources/CKEditor/plugins/smiley/images/whatchutalkingabout_smile.gif
[2016-11-30 18:28:00] REMOTE_ADD              /WEB-INF/descr/pwu2First.descr
[2016-11-30 18:28:00] REMOTE_ADD              /WRResources/timepicker/i18n/jquery-ui-timepicker-id.js
[2016-11-30 18:28:00] REMOTE_ADD              /WRResources/CKEditor/plugins/a11yhelp/dialogs/lang/ko.js
[2016-11-30 18:28:00] REMOTE_ADD              /WRResources/CKEditor/plugins/a11yhelp/dialogs/lang/km.js
[2016-11-30 18:28:00] REMOTE_ADD              /WEB-INF/descr/page12.descr
[2016-11-30 18:28:00] REMOTE_ADD              /WRResources/CKEditor/filemanager/browser/default/images/icons/html.gif
[2016-11-30 18:28:00] REMOTE_ADD              /BootstrapStyle/css/NotificationMessage.css
[2016-11-30 18:28:00] REMOTE_ADD              /WRResources/CKEditor/filemanager/browser/default/images/icons/png.gif
[2016-11-30 18:28:00] REMOTE_ADD              /WEB-INF/descr/ln28.descr
[2016-11-30 18:28:00] REMOTE_ADD              /WRResources/CKEditor/plugins/smiley/images/omg_smile.png
[2016-11-30 18:28:00] REMOTE_ADD              /WRResources/CKEditor/lang/ug.js
[2016-11-30 18:28:00] REMOTE_ADD      RESTART /WEB-INF/lib/jstl.jar
[2016-11-30 18:28:00] REMOTE_ADD              /WRResources/CKEditor/lang/sv.js
[2016-11-30 18:28:00] REMOTE_ADD              /WRResources/CKEditor/plugins/smiley/images/embaressed_smile.gif
[2016-11-30 18:28:00] REMOTE_ADD              /BootstrapStyle/font-awesome-4.6.3/less/larger.less
[2016-11-30 18:28:00] REMOTE_ADD              /BootstrapStyle/dist/fonts/glyphicons-halflings-regular.svg
[2016-11-30 18:28:00] REMOTE_ADD              /Resources/HierarchicalIndex.First.png
[2016-11-30 18:28:00] REMOTE_ADD              /WRResources/CKEditor/lang/es.js
[2016-11-30 18:28:00] REMOTE_ADD              /WEB-INF/descr/ln23.descr
[2016-11-30 18:28:00] REMOTE_ADD              /WEB-INF/descr/ln18.descr
[2016-11-30 18:28:00] REMOTE_ADD              /Resources/plus.png
[2016-11-30 18:28:00] REMOTE_ADD              /BootstrapStyle/font-awesome-4.6.3/scss/_rotated-flipped.scss
[2016-11-30 18:28:00] ADD                     /page5.jsp
[2016-11-30 18:28:00] REMOTE_ADD              /WRResources/CKEditor/plugins/smiley/images/thumbs_up.png
[2016-11-30 18:28:00] REMOTE_ADD              /WRResources/CKEditor/plugins/specialchar/dialogs/lang/ku.js
[2016-11-30 18:28:00] REMOTE_ADD              /WRResources/CKEditor/plugins/showblocks/images/block_h2.png
[2016-11-30 18:28:00] REMOTE_ADD              /BootstrapStyle/font-awesome-4.6.3/scss/_core.scss
[2016-11-30 18:28:00] REMOTE_ADD              /BootstrapStyle/font-awesome-4.6.3/less/variables.less
[2016-11-30 18:28:00] REMOTE_ADD              /WRResources/CKEditor/filemanager/browser/default/images/icons/dll.gif
[2016-11-30 18:28:00] REMOTE_ADD              /WEB-INF/descr/kln17.descr
[2016-11-30 18:28:00] REMOTE_ADD              /WRResources/CKEditor/filemanager/browser/default/images/icons/32/mdb.gif
[2016-11-30 18:28:00] REMOTE_ADD              /BootstrapStyle/font-awesome-4.6.3/css/font-awesome.min.css
[2016-11-30 18:28:00] REMOTE_ADD              /WRResources/timepicker/i18n/jquery-ui-timepicker-et.js
[2016-11-30 18:28:00] REMOTE_ADD      RESTART /WEB-INF/lib/commons-validator.jar
[2016-11-30 18:28:00] REMOTE_ADD              /WEB-INF/descr/pwu5.descr
[2016-11-30 18:28:00] REMOTE_ADD              /WRResources/CKEditor/lang/ka.js
[2016-11-30 18:28:00] REMOTE_ADD              /WEB-INF/descr/icu1.descr
[2016-11-30 18:28:00] REMOTE_ADD              /WRResources/CKEditor/plugins/specialchar/dialogs/lang/en.js
[2016-11-30 18:28:00] REMOTE_ADD              /BootstrapStyle/dist/css/bootstrap.min.css
[2016-11-30 18:28:00] REMOTE_ADD              /WRResources/ajax/jquery-ui/jquery-ui.min.js
[2016-11-30 18:28:00] REMOTE_ADD              /WRResources/CKEditor/plugins/forms/dialogs/button.js
[2016-11-30 18:28:00] REMOTE_ADD              /Resources/update.png
[2016-11-30 18:28:00] REMOTE_ADD              /WRResources/CKEditor/plugins/specialchar/dialogs/lang/fr.js
[2016-11-30 18:28:00] REMOTE_ADD      RESTART /WEB-INF/conf/StrutsLogConfig.properties
[2016-11-30 18:28:00] REMOTE_ADD              /WEB-INF/descr/rtu1.descr
[2016-11-30 18:28:00] REMOTE_ADD              /WRResources/CKEditor/plugins/a11yhelp/dialogs/lang/no.js
[2016-11-30 18:28:00] REMOTE_ADD              /WRResources/CKEditor/plugins/a11yhelp/dialogs/lang/ar.js
[2016-11-30 18:28:00] REMOTE_ADD              /WEB-INF/descr/pwu1Previous.descr
[2016-11-30 18:28:00] REMOTE_ADD              /WEB-INF/descr/ln15.descr
[2016-11-30 18:28:00] REMOTE_ADD              /WRResources/ajax/jquery-ui/i18n/jquery.ui.datepicker-ms.js
[2016-11-30 18:28:00] REMOTE_ADD              /WRResources/ajax/jquery-ui/i18n/jquery.ui.datepicker-lt.js
[2016-11-30 18:28:00] REMOTE_ADD              /WRResources/timepicker/i18n/jquery-ui-timepicker-it.js
[2016-11-30 18:28:00] REMOTE_ADD              /WRResources/ajax/jquery-ui/themes/smoothness/images/ui-bg_glass_65_ffffff_1x400.png
[2016-11-30 18:28:00] REMOTE_ADD              /WEB-INF/descr/ln32.descr
[2016-11-30 18:28:00] REMOTE_ADD              /WRResources/timepicker/i18n/jquery-ui-timepicker-sr.js
[2016-11-30 18:28:00] REMOTE_ADD              /WRResources/timepicker/i18n/jquery-ui-timepicker-nl.js
[2016-11-30 18:28:00] REMOTE_ADD              /WRResources/CKEditor/plugins/smiley/images/embarrassed_smile.gif
[2016-11-30 18:28:00] REMOTE_ADD              /WRResources/CKEditor/plugins/link/images/hidpi/anchor.png
[2016-11-30 18:28:00] REMOTE_ADD              /WRResources/CKEditor/lang/mk.js
[2016-11-30 18:28:00] REMOTE_ADD              /WRResources/CKEditor/plugins/a11yhelp/dialogs/lang/eo.js
[2016-11-30 18:28:00] REMOTE_ADD              /WRResources/ajax/jquery-ui/themes/smoothness/jquery-ui.min.css
[2016-11-30 18:28:00] REMOTE_ADD              /WEB-INF/descr/oln11.descr
[2016-11-30 18:28:00] REMOTE_ADD              /WRResources/ajax/jquery-ui/i18n/jquery.ui.datepicker-fi.js
[2016-11-30 18:28:00] REMOTE_ADD              /WRResources/CKEditor/lang/pt-br.js
[2016-11-30 18:28:00] REMOTE_ADD              /WRResources/CKEditor/skins/moono/dialog.css
[2016-11-30 18:28:00] REMOTE_ADD              /WEB-INF/descr/page2.descr
[2016-11-30 18:28:00] REMOTE_ADD              /WEB-INF/classes/com/webratio/webapp/Module.class
[2016-11-30 18:28:00] REMOTE_ADD      RESTART /WEB-INF/lib/stax-api.jar
[2016-11-30 18:28:00] REMOTE_ADD              /builtin/grid_responsive.css
[2016-11-30 18:28:00] REMOTE_ADD              /BootstrapStyle/font-awesome-4.6.3/fonts/fontawesome-webfont.svg
[2016-11-30 18:28:00] REMOTE_ADD      RESTART /WEB-INF/classes/fckeditor.properties
[2016-11-30 18:28:00] REMOTE_ADD              /WRResources/CKEditor/filemanager/browser/default/frmresourceslist.html
[2016-11-30 18:28:00] REMOTE_ADD              /WRResources/CKEditor/skins/moono/editor_iequirks.css
[2016-11-30 18:28:00] REMOTE_ADD              /WEB-INF/descr/pwu2.descr
[2016-11-30 18:28:00] REMOTE_ADD              /WRResources/ajax/jquery-ui/i18n/jquery.ui.datepicker-ml.js
[2016-11-30 18:28:00] REMOTE_ADD              /WEB-INF/descr/oln4.descr
[2016-11-30 18:28:00] REMOTE_ADD              /WRResources/ajax/jquery-ui/i18n/jquery.ui.datepicker-tj.js
[2016-11-30 18:28:00] REMOTE_ADD              /WRResources/CKEditor/plugins/wsc/README.md
[2016-11-30 18:28:00] REMOTE_ADD              /Resources/Scroller.Next.png
[2016-11-30 18:28:00] REMOTE_ADD              /WEB-INF/descr/pwu1att6.descr
[2016-11-30 18:28:00] REMOTE_ADD              /WRResources/CKEditor/plugins/smiley/images/broken_heart.png
[2016-11-30 18:28:00] REMOTE_ADD              /WRResources/CKEditor/plugins/forms/dialogs/textfield.js
[2016-11-30 18:28:00] REMOTE_ADD              /WRResources/ajax/jquery-ui/i18n/jquery.ui.datepicker-be.js
[2016-11-30 18:28:00] REMOTE_ADD              /WEB-INF/descr/kln6.descr
[2016-11-30 18:28:00] REMOTE_ADD              /WRResources/CKEditor/plugins/showblocks/images/block_h1.png
[2016-11-30 18:28:00] REMOTE_ADD              /WEB-INF/descr/dlu2.descr
[2016-11-30 18:28:00] REMOTE_ADD              /Resources/assign.png
[2016-11-30 18:28:00] REMOTE_ADD              /WEB-INF/descr/page14.descr
[2016-11-30 18:28:00] REMOTE_ADD              /WRResources/ajax/jquery-ui/i18n/jquery.ui.datepicker-cy.js
[2016-11-30 18:28:00] REMOTE_ADD              /Resources/HierarchicalIndex.Previous.png
[2016-11-30 18:28:00] REMOTE_ADD              /BootstrapStyle/font-awesome-4.6.3/less/animated.less
[2016-11-30 18:28:00] REMOTE_ADD              /WRResources/timepicker/i18n/jquery-ui-timepicker-de.js
[2016-11-30 18:28:00] REMOTE_ADD              /WRResources/ajax/jquery-ui/i18n/jquery.ui.datepicker-hi.js
[2016-11-30 18:28:00] REMOTE_ADD              /WEB-INF/descr/ln35.descr
[2016-11-30 18:28:00] REMOTE_ADD      RESTART /WEB-INF/lib/slf4j-api.jar
[2016-11-30 18:28:00] REMOTE_ADD              /WRResources/CKEditor/lang/nl.js
[2016-11-30 18:28:00] REMOTE_ADD              /WEB-INF/descr/oln6.descr
[2016-11-30 18:28:00] REMOTE_ADD              /WEB-INF/descr/ln1.descr
[2016-11-30 18:28:00] REMOTE_ADD              /WEB-INF/descr/page4.link.descr
[2016-11-30 18:28:00] REMOTE_ADD              /WEB-INF/descr/ln7.descr
[2016-11-30 18:28:00] REMOTE_ADD              /WEB-INF/descr/cru5.descr
[2016-11-30 18:28:00] REMOTE_ADD              /BootstrapStyle/css/components.css
[2016-11-30 18:28:00] REMOTE_ADD              /WRResources/CKEditor/filemanager/browser/default/images/icons/32/gif.gif
[2016-11-30 18:28:00] REMOTE_ADD              /WEB-INF/descr/opm5.descr
[2016-11-30 18:28:00] REMOTE_ADD              /WRResources/CKEditor/lang/fr.js
[2016-11-30 18:28:00] REMOTE_ADD              /WEB-INF/descr/ln83.descr
[2016-11-30 18:28:00] REMOTE_ADD              /WRResources/CKEditor/plugins/a11yhelp/dialogs/lang/fr-ca.js
[2016-11-30 18:28:00] REMOTE_ADD              /WRResources/CKEditor/plugins/forms/dialogs/hiddenfield.js
[2016-11-30 18:28:00] REMOTE_ADD              /WRResources/CKEditor/filemanager/browser/default/images/icons/32/js.gif
[2016-11-30 18:28:00] REMOTE_ADD              /WRResources/CKEditor/filemanager/browser/default/images/icons/ai.gif
[2016-11-30 18:28:00] REMOTE_ADD              /WRResources/CKEditor/plugins/a11yhelp/dialogs/lang/lt.js
[2016-11-30 18:28:00] REMOTE_ADD              /WRResources/CKEditor/lang/km.js
[2016-11-30 18:28:00] REMOTE_ADD              /WRResources/CKEditor/plugins/scayt/README.md
[2016-11-30 18:28:00] REMOTE_ADD              /Resources/multicheckClear.png
[2016-11-30 18:28:00] REMOTE_ADD              /WEB-INF/descr/inn2.descr
[2016-11-30 18:28:00] REMOTE_ADD              /WRResources/ajax/jquery-ui/i18n/jquery.ui.datepicker-lv.js
[2016-11-30 18:28:00] REMOTE_ADD              /BootstrapStyle/css/animate.css
[2016-11-30 18:28:00] REMOTE_ADD              /builtin/grid_responsive_12.css
[2016-11-30 18:28:00] REMOTE_ADD              /BootstrapStyle/font-awesome-4.6.3/less/bordered-pulled.less
[2016-11-30 18:28:00] REMOTE_ADD      RESTART /WEB-INF/lib/itext-rtf.jar
[2016-11-30 18:28:00] REMOTE_ADD              /WEB-INF/descr/ln76.descr
[2016-11-30 18:28:00] REMOTE_ADD              /WEB-INF/descr/gtu2.descr
[2016-11-30 18:28:00] REMOTE_ADD              /WRResources/CKEditor/plugins/smiley/images/confused_smile.gif
[2016-11-30 18:28:00] REMOTE_ADD              /WEB-INF/descr/opm4.descr
[2016-11-30 18:28:00] REMOTE_ADD              /WEB-INF/descr/qu8.descr
[2016-11-30 18:28:00] REMOTE_ADD              /WRResources/CKEditor/plugins/templates/templates/images/template1.gif
[2016-11-30 18:28:00] REMOTE_ADD      RESTART /WEB-INF/lib/hibernate.jar
[2016-11-30 18:28:00] REMOTE_ADD              /BootstrapStyle/dist/css/bootstrap.css
[2016-11-30 18:28:00] REMOTE_UPDATE           /index.jsp
[2016-11-30 18:28:00] REMOTE_ADD              /WEB-INF/descr/pwu4att6.descr
[2016-11-30 18:28:00] REMOTE_ADD              /WEB-INF/descr/tmu1.descr
[2016-11-30 18:28:00] REMOTE_ADD              /WRResources/CKEditor/lang/hr.js
[2016-11-30 18:28:00] REMOTE_ADD              /WEB-INF/descr/ln9.descr
[2016-11-30 18:28:00] REMOTE_ADD              /wrdefault/images/database.png
[2016-11-30 18:28:00] REMOTE_ADD              /WRResources/CKEditor/plugins/smiley/images/thumbs_up.gif
[2016-11-30 18:28:00] REMOTE_ADD              /WRResources/CKEditor/filemanager/browser/default/images/icons/32/bmp.gif
[2016-11-30 18:28:00] REMOTE_ADD              /WRResources/CKEditor/plugins/a11yhelp/dialogs/lang/sr.js
[2016-11-30 18:28:00] ADD                     /WEB-INF/descr/oln5.descr
[2016-11-30 18:28:00] REMOTE_ADD              /WEB-INF/descr/enu4.descr
[2016-11-30 18:28:00] REMOTE_ADD              /WRResources/CKEditor/skins/kama/editor_ie7.css
[2016-11-30 18:28:00] REMOTE_ADD              /Resources/favicon.png
[2016-11-30 18:28:00] REMOTE_ADD              /WEB-INF/descr/_xsd.descr
[2016-11-30 18:28:00] REMOTE_ADD              /WRResources/CKEditor/plugins/a11yhelp/dialogs/lang/zh-cn.js
[2016-11-30 18:28:00] REMOTE_ADD              /WEB-INF/descr/mssu2.descr
[2016-11-30 18:28:00] REMOTE_ADD      RESTART /WEB-INF/lib/com.webratio.units.validation.jar
[2016-11-30 18:28:00] REMOTE_ADD              /WRResources/CKEditor/plugins/specialchar/dialogs/lang/id.js
[2016-11-30 18:28:00] REMOTE_ADD              /WRResources/CKEditor/plugins/smiley/images/devil_smile.png
[2016-11-30 18:28:00] REMOTE_ADD              /WRResources/CKEditor/plugins/specialchar/dialogs/lang/fa.js
[2016-11-30 18:28:00] REMOTE_ADD              /WRResources/CKEditor/plugins/smiley/images/wink_smile.png
[2016-11-30 18:28:00] REMOTE_ADD              /WEB-INF/descr/ln72.descr
[2016-11-30 18:28:00] REMOTE_ADD              /WRResources/ajax/jquery-ui/themes/smoothness/images/ui-bg_glass_75_dadada_1x400.png
[2016-11-30 18:28:00] REMOTE_ADD              /WRResources/CKEditor/plugins/smiley/images/cry_smile.gif
[2016-11-30 18:28:00] REMOTE_ADD              /WRResources/CKEditor/skins/moono/images/hidpi/refresh.png
[2016-11-30 18:28:00] REMOTE_ADD              /builtin/grid_responsive_16.css
[2016-11-30 18:28:00] REMOTE_ADD              /WEB-INF/descr/icu4.descr
[2016-11-30 18:28:00] REMOTE_ADD              /WEB-INF/descr/enu1.descr
[2016-11-30 18:28:00] REMOTE_ADD              /WEB-INF/descr/_i18n.descr
[2016-11-30 18:28:00] REMOTE_ADD              /WEB-INF/descr/oln17.descr
[2016-11-30 18:28:00] REMOTE_ADD              /BootstrapStyle/font-awesome-4.6.3/scss/_list.scss
[2016-11-30 18:28:00] REMOTE_ADD      RESTART /WEB-INF/lib/h2.jar
[2016-11-30 18:28:00] REMOTE_ADD              /WEB-INF/descr/mssu1.descr
[2016-11-30 18:28:00] REMOTE_ADD              /WRResources/CKEditor/plugins/smiley/images/omg_smile.gif
[2016-11-30 18:28:00] REMOTE_ADD              /WEB-INF/descr/oln24.descr
[2016-11-30 18:28:00] REMOTE_ADD              /WRResources/CKEditor/plugins/a11yhelp/dialogs/lang/sq.js
[2016-11-30 18:28:00] REMOTE_ADD              /WEB-INF/descr/pwu3Last.descr
[2016-11-30 18:28:00] REMOTE_ADD              /BootstrapStyle/dist/css/cerulean/bootstrap.css
[2016-11-30 18:28:00] REMOTE_ADD              /WRResources/CKEditor/plugins/scayt/dialogs/toolbar.css
[2016-11-30 18:28:00] REMOTE_ADD              /WRResources/ajax/jquery-ui/themes/smoothness/images/ui-icons_cd0a0a_256x240.png
[2016-11-30 18:28:00] REMOTE_ADD              /WRResources/CKEditor/plugins/specialchar/dialogs/lang/sq.js
[2016-11-30 18:28:00] REMOTE_ADD              /WEB-INF/descr/okcu1.descr
[2016-11-30 18:28:00] REMOTE_ADD              /WRResources/CKEditor/plugins/a11yhelp/dialogs/lang/ku.js
[2016-11-30 18:28:00] REMOTE_ADD              /WEB-INF/descr/icu2.descr
[2016-11-30 18:28:00] REMOTE_ADD              /WRResources/timepicker/i18n/jquery-ui-timepicker-am.js
[2016-11-30 18:28:00] REMOTE_ADD              /WRResources/CKEditor/lang/af.js
[2016-11-30 18:28:00] REMOTE_ADD              /WEB-INF/descr/mssu5.descr
[2016-11-30 18:28:00] REMOTE_ADD      RESTART /WEB-INF/lib/commons-digester.jar
[2016-11-30 18:28:00] REMOTE_ADD              /BootstrapStyle/js/NotificationMessage.js
[2016-11-30 18:28:00] REMOTE_ADD      RESTART /WEB-INF/lib/jaxen.jar
[2016-11-30 18:28:00] REMOTE_ADD              /WEB-INF/descr/okcu2.descr
[2016-11-30 18:28:00] REMOTE_ADD              /BootstrapStyle/js/app.min.js
[2016-11-30 18:28:00] REMOTE_ADD              /WRResources/CKEditor/plugins/find/dialogs/find.js
[2016-11-30 18:28:00] REMOTE_ADD              /WRResources/CKEditor/plugins/specialchar/dialogs/lang/fr-ca.js
[2016-11-30 18:28:00] REMOTE_ADD              /WEB-INF/descr/qu3.descr
[2016-11-30 18:28:00] REMOTE_ADD              /WRResources/CKEditor/lang/bg.js
[2016-11-30 18:28:00] REMOTE_ADD              /WEB-INF/classes/com/webratio/webapp/Group.hbm.xml
[2016-11-30 18:28:00] REMOTE_ADD              /WRResources/ajax/jquery-ui/i18n/jquery.ui.datepicker-bs.js
[2016-11-30 18:28:00] REMOTE_ADD              /WRResources/CKEditor/filemanager/browser/default/images/icons/32/ai.gif
[2016-11-30 18:28:00] REMOTE_ADD              /BootstrapStyle/font-awesome-4.6.3/scss/_icons.scss
[2016-11-30 18:28:00] REMOTE_ADD              /WRResources/CKEditor/filemanager/browser/default/images/icons/mp3.gif
[2016-11-30 18:28:00] REMOTE_ADD              /WEB-INF/descr/opm2.descr
[2016-11-30 18:28:00] REMOTE_ADD      RESTART /WEB-INF/lib/com.webratio.units.session.jar
[2016-11-30 18:28:00] REMOTE_ADD              /Resources/delete_dis.png
[2016-11-30 18:28:00] REMOTE_ADD              /WRResources/CKEditor/plugins/specialchar/dialogs/lang/cs.js
[2016-11-30 18:28:00] REMOTE_ADD              /WRResources/CKEditor/plugins/smiley/images/thumbs_down.png
[2016-11-30 18:28:00] REMOTE_ADD              /WRResources/ajax/jquery/jquery.min.js
[2016-11-30 18:28:00] REMOTE_ADD              /WEB-INF/descr/dau3.descr
[2016-11-30 18:28:00] REMOTE_ADD              /WRResources/CKEditor/plugins/specialchar/dialogs/lang/tr.js
[2016-11-30 18:28:00] REMOTE_ADD              /WRResources/CKEditor/plugins/smiley/images/angel_smile.gif
[2016-11-30 18:28:00] REMOTE_ADD              /WEB-INF/descr/seu10.descr
[2016-11-30 18:28:00] REMOTE_ADD              /WEB-INF/descr/ln82.descr
[2016-11-30 18:28:00] REMOTE_ADD              /Resources/Scroller.Last.png
[2016-11-30 18:28:00] REMOTE_ADD      RESTART /WEB-INF/lib/commons-lang.jar
[2016-11-30 18:28:00] REMOTE_ADD              /WRResources/CKEditor/plugins/smiley/images/regular_smile.gif
[2016-11-30 18:28:00] REMOTE_ADD              /BootstrapStyle_Login.login.jsp
[2016-11-30 18:28:00] REMOTE_ADD              /WRResources/ajax/jquery-ui/i18n/jquery.ui.datepicker-ka.js
[2016-11-30 18:28:00] REMOTE_ADD              /BootstrapStyle/dist/js/bootstrap.min.js
[2016-11-30 18:28:00] REMOTE_ADD              /WRResources/CKEditor/skins/kama/dialog_ie7.css
[2016-11-30 18:28:00] REMOTE_ADD              /WRResources/CKEditor/plugins/specialchar/dialogs/lang/uk.js
[2016-11-30 18:28:00] REMOTE_ADD              /WRResources/timepicker/i18n/jquery-ui-timepicker-ja.js
[2016-11-30 18:28:00] REMOTE_ADD              /WRResources/localization.png
[2016-11-30 18:28:00] REMOTE_ADD              /WRResources/CKEditor/plugins/a11yhelp/dialogs/lang/mn.js
[2016-11-30 18:28:00] REMOTE_ADD              /WEB-INF/administration/ProtectionSection.jsp
[2016-11-30 18:28:00] REMOTE_ADD              /BootstrapStyle/dist/css/spacelab/bootstrap.css
[2016-11-30 18:28:00] REMOTE_ADD              /wrdefault/js/excanvas.min.js
[2016-11-30 18:28:00] REMOTE_ADD              /WRResources/CKEditor/lang/is.js
[2016-11-30 18:28:00] REMOTE_ADD              /Resources/unassign.png
[2016-11-30 18:28:00] REMOTE_ADD              /WEB-INF/descr/oln28.descr
[2016-11-30 18:28:00] REMOTE_ADD              /Resources/HierarchicalIndex.Last.png
[2016-11-30 18:28:00] REMOTE_ADD              /BootstrapStyle/font-awesome-4.6.3/scss/font-awesome.scss
[2016-11-30 18:28:00] REMOTE_ADD              /WEB-INF/descr/miu5.descr
[2016-11-30 18:28:00] REMOTE_ADD              /WEB-INF/descr/ln65.descr
[2016-11-30 18:28:00] REMOTE_ADD              /BootstrapStyle/dist/css/compact/bootstrap.min.css
[2016-11-30 18:28:00] REMOTE_ADD              /WRResources/CKEditor/plugins/a11yhelp/dialogs/lang/si.js
[2016-11-30 18:28:00] REMOTE_ADD              /Resources/diagram.png
[2016-11-30 18:28:00] REMOTE_ADD              /WRResources/CKEditor/plugins/specialchar/dialogs/lang/km.js
[2016-11-30 18:28:00] REMOTE_ADD              /WEB-INF/descr/miu2.link.descr
[2016-11-30 18:28:00] REMOTE_ADD              /WRResources/CKEditor/lang/it.js
[2016-11-30 18:28:00] REMOTE_ADD              /WEB-INF/descr/_job.scheduler.xml
[2016-11-30 18:28:00] REMOTE_ADD              /WRResources/CKEditor/plugins/a11yhelp/dialogs/lang/lv.js
[2016-11-30 18:28:00] REMOTE_ADD              /WEB-INF/descr/seu2.descr
[2016-11-30 18:28:00] REMOTE_ADD              /WRResources/CKEditor/plugins/specialchar/dialogs/lang/ar.js
[2016-11-30 18:28:00] REMOTE_ADD              /WRResources/CKEditor/plugins/link/images/anchor.png
[2016-11-30 18:28:00] REMOTE_ADD              /WRResources/CKEditor/plugins/forms/dialogs/radio.js
[2016-11-30 18:28:00] REMOTE_ADD              /WEB-INF/descr/ln8.descr
[2016-11-30 18:28:00] REMOTE_ADD              /WEB-INF/descr/cru2.descr
[2016-11-30 18:28:00] REMOTE_ADD              /builtin/960_Fluid_Nestable_24.css
[2016-11-30 18:28:00] REMOTE_ADD      RESTART /WEB-INF/lib/itext.jar
[2016-11-30 18:28:00] REMOTE_ADD              /WRResources/CKEditor/lang/cy.js
[2016-11-30 18:28:00] REMOTE_ADD              /WEB-INF/descr/ln51.descr
[2016-11-30 18:28:00] REMOTE_ADD              /WRResources/CKEditor/skins/kama/images/sprites.png
[2016-11-30 18:28:00] REMOTE_ADD              /WRResources/CKEditor/filemanager/browser/default/images/Folder.gif
[2016-11-30 18:28:00] REMOTE_ADD              /WEB-INF/descr/_blob.descr
[2016-11-30 18:28:00] REMOTE_ADD              /WRResources/CKEditor/plugins/specialchar/dialogs/lang/pt-br.js
[2016-11-30 18:28:00] REMOTE_ADD              /WEB-INF/classes/com/webratio/webapp/Comments.java
[2016-11-30 18:28:00] REMOTE_ADD      RESTART /WEB-INF/lib/jcommon.jar
[2016-11-30 18:28:00] REMOTE_ADD              /WRResources/CKEditor/filemanager/browser/default/images/icons/avi.gif
[2016-11-30 18:28:00] REMOTE_ADD              /WRResources/ajax/jquery-ui/i18n/jquery.ui.datepicker-hy.js
[2016-11-30 18:28:00] REMOTE_ADD              /WEB-INF/descr/kln3.descr
[2016-11-30 18:28:00] REMOTE_ADD              /WRResources/CKEditor/plugins/specialchar/dialogs/lang/zh-cn.js
[2016-11-30 18:28:00] REMOTE_ADD              /WRResources/CKEditor/plugins/a11yhelp/dialogs/lang/gl.js
[2016-11-30 18:28:00] REMOTE_ADD              /WEB-INF/descr/_job.scheduler.descr
[2016-11-30 18:28:00] REMOTE_ADD      RESTART /WEB-INF/lib/jackson-databind.jar
[2016-11-30 18:28:00] REMOTE_ADD      RESTART /WEB-INF/lib/log4j.jar
[2016-11-30 18:28:00] REMOTE_ADD              /WEB-INF/descr/dau4.descr
[2016-11-30 18:28:00] REMOTE_ADD              /WEB-INF/descr/dau2.descr
[2016-11-30 18:28:00] REMOTE_ADD              /WRResources/CKEditor/lang/mn.js
[2016-11-30 18:28:00] REMOTE_ADD              /WRResources/CKEditor/skins/moono/editor_ie.css
[2016-11-30 18:28:00] REMOTE_ADD              /WRResources/ajax/jquery-ui/i18n/jquery.ui.datepicker-hr.js
[2016-11-30 18:28:00] REMOTE_ADD              /WRResources/CKEditor/filemanager/browser/default/images/icons/default.icon.gif
[2016-11-30 18:28:00] REMOTE_ADD              /WRResources/CKEditor/plugins/a11yhelp/dialogs/lang/fa.js
[2016-11-30 18:28:00] REMOTE_ADD              /WEB-INF/descr/gctu1.descr
[2016-11-30 18:28:00] REMOTE_ADD              /BootstrapStyle/font-awesome-4.6.3/less/list.less
[2016-11-30 18:28:00] REMOTE_ADD              /WEB-INF/descr/pwu4First.descr
[2016-11-30 18:28:00] REMOTE_ADD              /WRResources/CKEditor/lang/ru.js
[2016-11-30 18:28:00] REMOTE_ADD      RESTART /WEB-INF/lib/com.webratio.commons.transform.jar
[2016-11-30 18:28:00] REMOTE_ADD              /WRGenericError.jsp
[2016-11-30 18:28:00] REMOTE_ADD              /WRResources/CKEditor/styles.js
[2016-11-30 18:28:00] REMOTE_ADD              /WRResources/CKEditor/plugins/specialchar/dialogs/lang/hr.js
[2016-11-30 18:28:00] REMOTE_ADD              /WRResources/ajax/jquery-ui/i18n/jquery.ui.datepicker-es.js
[2016-11-30 18:28:00] REMOTE_ADD              /WRResources/CKEditor/lang/hi.js
[2016-11-30 18:28:00] REMOTE_ADD              /WRResources/CKEditor/lang/sq.js
[2016-11-30 18:28:00] REMOTE_ADD              /WEB-INF/descr/oln10.descr
[2016-11-30 18:28:00] REMOTE_ADD              /WRResources/CKEditor/contents.css
[2016-11-30 18:28:00] REMOTE_ADD              /WRResources/timepicker/i18n/jquery-ui-timepicker-no.js
[2016-11-30 18:28:00] REMOTE_ADD              /WRResources/ajax/jquery-ui/i18n/jquery.ui.datepicker-no.js
[2016-11-30 18:28:00] REMOTE_ADD              /WRResources/ajax/jquery-ui/i18n/jquery.ui.datepicker-is.js
[2016-11-30 18:28:00] REMOTE_ADD              /WRResources/CKEditor/plugins/specialchar/dialogs/lang/hu.js
[2016-11-30 18:28:00] REMOTE_ADD              /WRResources/CKEditor/filemanager/browser/default/images/Folder32.gif
[2016-11-30 18:28:00] REMOTE_ADD              /WRResources/timepicker/i18n/jquery-ui-timepicker-lt.js
[2016-11-30 18:28:00] REMOTE_ADD              /WRResources/CKEditor/filemanager/browser/default/images/icons/32/jpg.gif
[2016-11-30 18:28:00] REMOTE_ADD              /WRResources/CKEditor/filemanager/browser/default/images/icons/32/xls.gif
[2016-11-30 18:28:00] REMOTE_ADD              /WEB-INF/classes/com/webratio/webapp/User.hbm.xml
[2016-11-30 18:28:00] REMOTE_ADD              /WRResources/timepicker/i18n/jquery-ui-timepicker-th.js
[2016-11-30 18:28:00] REMOTE_ADD              /WEB-INF/descr/kocu1.descr
[2016-11-30 18:28:00] REMOTE_ADD              /WEB-INF/descr/pwu1Block.descr
[2016-11-30 18:28:00] REMOTE_ADD              /WRResources/ajax/webratio/wr.js
[2016-11-30 18:28:00] REMOTE_ADD              /WRResources/ajax/jquery-ui/i18n/jquery.ui.datepicker-ru.js
[2016-11-30 18:28:00] REMOTE_ADD              /page13.jsp
[2016-11-30 18:28:00] REMOTE_ADD              /WEB-INF/descr/pwu1First.descr
[2016-11-30 18:28:00] REMOTE_ADD              /BootstrapStyle/js/bootstrap-filestyle.min.js
[2016-11-30 18:28:00] REMOTE_ADD              /WEB-INF/descr/pwu3Next.descr
[2016-11-30 18:28:00] REMOTE_ADD      RESTART /WEB-INF/lib/com.webratio.rtx.extras.jar
[2016-11-30 18:28:00] REMOTE_ADD              /BootstrapStyle/font-awesome-4.6.3/scss/_larger.scss
[2016-11-30 18:28:00] REMOTE_ADD              /WEB-INF/descr/kln4.descr
[2016-11-30 18:28:00] REMOTE_ADD              /WRResources/timepicker/i18n/jquery-ui-timepicker-sk.js
[2016-11-30 18:28:00] REMOTE_ADD              /WRResources/CKEditor/plugins/wsc/dialogs/tmp.html
[2016-11-30 18:28:00] REMOTE_ADD              /WRResources/CKEditor/skins/moono/dialog_ie7.css
[2016-11-30 18:28:00] REMOTE_ADD              /WRResources/CKEditor/filemanager/browser/default/images/icons/32/cs.gif
[2016-11-30 18:28:00] REMOTE_ADD              /WRResources/CKEditor/plugins/a11yhelp/dialogs/lang/de.js
[2016-11-30 18:28:00] REMOTE_ADD      RESTART /WEB-INF/classes/db2.hibernate.cfg.xml
[2016-11-30 18:28:00] REMOTE_ADD              /WRResources/CKEditor/plugins/iframe/dialogs/iframe.js
[2016-11-30 18:28:00] REMOTE_ADD              /WRResources/CKEditor/filemanager/browser/default/images/icons/32/html.gif
[2016-11-30 18:28:00] REMOTE_ADD              /WRResources/ajax/jquery-ui/themes/smoothness/images/ui-icons_454545_256x240.png
[2016-11-30 18:28:00] REMOTE_ADD              /BootstrapStyle/dist/LICENSE
[2016-11-30 18:28:00] REMOTE_ADD              /page6.jsp
[2016-11-30 18:28:00] REMOTE_ADD              /Resources/update_dis.png
[2016-11-30 18:28:00] REMOTE_ADD              /builtin/960_Fluid_Nestable_16.css
[2016-11-30 18:28:00] REMOTE_ADD              /BootstrapStyle/js/createDetails.js
[2016-11-30 18:28:00] REMOTE_ADD              /WRResources/ajax/jquery-ui/i18n/jquery.ui.datepicker-da.js
[2016-11-30 18:28:00] REMOTE_ADD              /WRResources/spacer.gif
[2016-11-30 18:28:00] REMOTE_ADD              /WRResources/CKEditor/lang/sk.js
[2016-11-30 18:28:00] REMOTE_ADD              /WEB-INF/descr/ln34.descr
[2016-11-30 18:28:00] REMOTE_ADD      RESTART /WEB-INF/lib/lucene-core.jar
[2016-11-30 18:28:00] REMOTE_ADD              /WRResources/CKEditor/filemanager/browser/default/images/icons/32/zip.gif
[2016-11-30 18:28:00] REMOTE_ADD              /WEB-INF/classes/com/webratio/webapp/Module.java
[2016-11-30 18:28:00] REMOTE_ADD              /WRResources/CKEditor/plugins/a11yhelp/dialogs/lang/et.js
[2016-11-30 18:28:00] REMOTE_ADD              /WRResources/ajax/jquery-ui/i18n/jquery.ui.datepicker-fa.js
[2016-11-30 18:28:00] REMOTE_ADD      RESTART /WEB-INF/lib/fckeditor.jar
[2016-11-30 18:28:00] REMOTE_ADD              /WEB-INF/descr/oln22.descr
[2016-11-30 18:28:00] REMOTE_ADD              /WRResources/WRLogo8.png
[2016-11-30 18:28:00] REMOTE_ADD      RESTART /WEB-INF/lib/mimepull.jar
[2016-11-30 18:28:00] REMOTE_ADD              /WRResources/ajax/jquery-ui/i18n/jquery.ui.datepicker-af.js
[2016-11-30 18:28:00] REMOTE_ADD              /WRResources/CKEditor/filemanager/browser/default/images/icons/32/swf.gif
[2016-11-30 18:28:00] REMOTE_ADD              /WRResources/CKEditor/lang/bs.js
[2016-11-30 18:28:00] REMOTE_ADD              /WRResources/ajax/jquery-ui/i18n/jquery.ui.datepicker-zh.js
[2016-11-30 18:28:00] REMOTE_ADD              /WRResources/CKEditor/filemanager/browser/default/images/icons/32/mp3.gif
[2016-11-30 18:28:00] REMOTE_ADD              /WRResources/ajax/jquery-ui/i18n/jquery.ui.datepicker-ar.js
[2016-11-30 18:28:00] REMOTE_ADD              /WRResources/CKEditor/plugins/iframe/images/placeholder.png
[2016-11-30 18:28:00] REMOTE_ADD              /WRResources/CKEditor/plugins/a11yhelp/dialogs/lang/pt-br.js
[2016-11-30 18:28:00] REMOTE_ADD      RESTART /WEB-INF/classes/log4j.properties
[2016-11-30 18:28:00] REMOTE_ADD              /WEB-INF/classes/com/webratio/webapp/Module.hbm.xml
[2016-11-30 18:28:00] REMOTE_ADD              /WRResources/timepicker/i18n/jquery-ui-timepicker-tr.js
[2016-11-30 18:28:00] REMOTE_ADD              /WEB-INF/descr/page13.link.descr
[2016-11-30 18:28:00] REMOTE_ADD              /WRResources/CKEditor/filemanager/browser/default/images/icons/32/default.icon.gif
[2016-11-30 18:28:00] REMOTE_ADD              /WRResources/CKEditor/skins/moono/images/close.png
[2016-11-30 18:28:00] REMOTE_ADD              /WRResources/CKEditor/lang/fr-ca.js
[2016-11-30 18:28:00] REMOTE_ADD              /WRResources/CKEditor/plugins/templates/dialogs/templates.js
[2016-11-30 18:28:00] REMOTE_ADD              /WRResources/CKEditor/plugins/smiley/images/angel_smile.png
[2016-11-30 18:28:00] REMOTE_ADD              /WRResources/ajax/jquery-ui/themes/smoothness/images/ui-icons_2e83ff_256x240.png
[2016-11-30 18:28:00] REMOTE_ADD              /WEB-INF/descr/dau7.descr
[2016-11-30 18:28:00] REMOTE_ADD              /BootstrapStyle/dist/css/united/bootstrap.css
[2016-11-30 18:28:00] REMOTE_ADD              /WEB-INF/descr/dau1.descr
[2016-11-30 18:28:00] REMOTE_ADD              /BootstrapStyle/css/imgs/valid.png
[2016-11-30 18:28:00] REMOTE_ADD      RESTART /WEB-INF/lib/com.webratio.units.operation.jar
[2016-11-30 18:28:00] REMOTE_ADD              /BootstrapStyle/font-awesome-4.6.3/scss/_path.scss
[2016-11-30 18:28:00] REMOTE_ADD              /WEB-INF/descr/kocu3.descr
[2016-11-30 18:28:00] REMOTE_ADD              /WRResources/CKEditor/plugins/wsc/dialogs/tmpFrameset.html
[2016-11-30 18:28:00] REMOTE_ADD      RESTART /WEB-INF/lib/com.webratio.units.utility.jar
[2016-11-30 18:28:00] REMOTE_ADD              /WRResources/ajax/jquery-ui/i18n/jquery.ui.datepicker-az.js
[2016-11-30 18:28:00] REMOTE_ADD              /WRResources/CKEditor/lang/et.js
[2016-11-30 18:28:00] REMOTE_ADD              /WRResources/CKEditor/lang/zh.js
[2016-11-30 18:28:00] REMOTE_ADD              /WRResources/CKEditor/plugins/specialchar/dialogs/lang/ug.js
[2016-11-30 18:28:00] REMOTE_ADD              /WRResources/CKEditor/plugins/a11yhelp/dialogs/lang/ro.js
[2016-11-30 18:28:00] REMOTE_ADD              /WRResources/CKEditor/filemanager/browser/default/images/icons/32/ppt.gif
[2016-11-30 18:28:00] REMOTE_ADD              /WRResources/CKEditor/plugins/icons.png
[2016-11-30 18:28:00] REMOTE_ADD              /BootstrapStyle/font-awesome-4.6.3/scss/_bordered-pulled.scss
[2016-11-30 18:28:00] REMOTE_ADD              /WRResources/ajax/jquery-ui/i18n/jquery.ui.datepicker-gl.js
[2016-11-30 18:28:00] REMOTE_ADD              /WRResources/CKEditor/plugins/smiley/images/teeth_smile.gif
[2016-11-30 18:28:00] REMOTE_ADD              /WRResources/ajax/jquery-ui/i18n/jquery.ui.datepicker-nb.js
[2016-11-30 18:28:00] REMOTE_ADD              /WRResources/CKEditor/lang/no.js
[2016-11-30 18:28:00] REMOTE_ADD              /WRResources/CKEditor/plugins/image/dialogs/image.js
[2016-11-30 18:28:00] REMOTE_ADD              /WRResources/CKEditor/lang/fi.js
[2016-11-30 18:28:00] ADD                     /BootstrapStyle/css/CreatePost.css
[2016-11-30 18:28:00] REMOTE_ADD              /WRResources/CKEditor/filemanager/browser/default/frmcreatefolder.html
[2016-11-30 18:28:00] ADD                     /WEB-INF/descr/page8.descr
[2016-11-30 18:28:00] REMOTE_ADD              /WRResources/CKEditor/plugins/showblocks/images/block_address.png
[2016-11-30 18:28:00] REMOTE_ADD              /WEB-INF/administration/LocalizationSection.jsp
[2016-11-30 18:28:00] REMOTE_ADD              /WEB-INF/descr/ln39.descr
[2016-11-30 18:28:00] REMOTE_ADD              /WRResources/CKEditor/filemanager/browser/default/images/icons/32/rdp.gif
[2016-11-30 18:28:00] REMOTE_ADD              /WEB-INF/descr/oln15.descr
[2016-11-30 18:28:00] REMOTE_ADD              /WEB-INF/descr/oln2.descr
[2016-11-30 18:28:00] REMOTE_ADD      RESTART /WEB-INF/lib/wsdl4j.jar
[2016-11-30 18:28:00] REMOTE_ADD              /wrdefault/images/database_updated.png
[2016-11-30 18:28:00] REMOTE_ADD      RESTART /WEB-INF/lib/commons-collections.jar
[2016-11-30 18:28:00] REMOTE_ADD              /WEB-INF/descr/miu11.descr
[2016-11-30 18:28:00] REMOTE_ADD              /WRResources/CKEditor/lang/ca.js
[2016-11-30 18:28:00] REMOTE_ADD              /WRResources/CKEditor/lang/en-gb.js
[2016-11-30 18:28:00] REMOTE_ADD              /BootstrapStyle/font-awesome-4.6.3/scss/_fixed-width.scss
[2016-11-30 18:28:00] REMOTE_ADD              /WRResources/CKEditor/plugins/magicline/images/hidpi/icon.png
[2016-11-30 18:28:00] REMOTE_ADD              /WEB-INF/descr/oln8.descr
[2016-11-30 18:28:00] REMOTE_ADD              /BootstrapStyle_Error.error.jsp
[2016-11-30 18:28:00] REMOTE_ADD              /WRResources/CKEditor/plugins/specialchar/dialogs/lang/fi.js
[2016-11-30 18:28:00] REMOTE_ADD              /WRResources/CKEditor/plugins/specialchar/dialogs/lang/nb.js
[2016-11-30 18:28:00] ADD                     /WEB-INF/descr/enu3.descr
[2016-11-30 18:28:00] REMOTE_ADD              /WEB-INF/descr/pwu3Block.descr
[2016-11-30 18:28:00] REMOTE_ADD              /WEB-INF/descr/pwu4.descr
[2016-11-30 18:28:00] REMOTE_ADD              /WRResources/CKEditor/plugins/wsc/dialogs/wsc.js
[2016-11-30 18:28:00] REMOTE_ADD              /WRResources/CKEditor/filemanager/browser/default/frmupload.html
[2016-11-30 18:28:00] REMOTE_ADD              /WRResources/CKEditor/plugins/showblocks/images/block_pre.png
[2016-11-30 18:28:00] REMOTE_ADD              /WRResources/CKEditor/skins/moono/images/refresh.png
[2016-11-30 18:28:00] REMOTE_ADD              /WRResources/ajax/jquery-ui/i18n/jquery.ui.datepicker-sv.js
[2016-11-30 18:28:00] REMOTE_ADD      RESTART /WEB-INF/lib/com.webratio.commons.libs.jar
[2016-11-30 18:28:00] REMOTE_ADD              /WEB-INF/descr/oln26.descr
[2016-11-30 18:28:00] REMOTE_ADD              /WEB-INF/descr/ln19.descr
[2016-11-30 18:28:00] REMOTE_ADD      RESTART /WEB-INF/conf/struts-config.xml
[2016-11-30 18:28:00] REMOTE_ADD              /WRResources/CKEditor/lang/vi.js
[2016-11-30 18:28:00] REMOTE_ADD              /WRResources/CKEditor/plugins/a11yhelp/dialogs/lang/mk.js
[2016-11-30 18:28:00] REMOTE_ADD              /WRResources/ajax/jquery-ui/i18n/jquery.ui.datepicker-id.js
[2016-11-30 18:28:00] REMOTE_ADD              /builtin/grid_elements.css
[2016-11-30 18:28:00] REMOTE_ADD              /WRResources/CKEditor/plugins/a11yhelp/dialogs/lang/tr.js
[2016-11-30 18:28:00] REMOTE_ADD              /WRResources/CKEditor/lang/pt.js
[2016-11-30 18:28:00] REMOTE_ADD              /WRResources/CKEditor/skins/kama/dialog_ie.css
[2016-11-30 18:28:00] ADD                     /WEB-INF/descr/_model.descr
[2016-11-30 18:28:00] REMOTE_ADD              /WEB-INF/descr/miu4.descr
[2016-11-30 18:28:00] REMOTE_ADD              /WEB-INF/descr/oln14.descr
[2016-11-30 18:28:00] REMOTE_ADD      RESTART /WEB-INF/lib/jfreechart.jar
[2016-11-30 18:28:00] REMOTE_ADD              /WRResources/CKEditor/skins/kama/images/toolbar_start.gif
[2016-11-30 18:28:00] REMOTE_ADD              /WRResources/CKEditor/skins/kama/icons_hidpi.png
[2016-11-30 18:28:00] REMOTE_ADD              /WRResources/CKEditor/plugins/a11yhelp/dialogs/lang/sv.js
[2016-11-30 18:28:00] REMOTE_ADD              /WRResources/CKEditor/config.js
[2016-11-30 18:28:00] REMOTE_ADD              /Scripts/NotificationMessageMultiMessageUnit/NotificationMessage.js
[2016-11-30 18:28:00] REMOTE_ADD              /WRResources/CKEditor/skins/moono/editor.css
[2016-11-30 18:28:00] REMOTE_ADD              /WRResources/CKEditor/plugins/smiley/images/envelope.gif
[2016-11-30 18:28:00] REMOTE_ADD              /WRResources/ajax/jquery-ui/themes/smoothness/images/ui-icons_888888_256x240.png
[2016-11-30 18:28:00] REMOTE_ADD              /WEB-INF/descr/tmu2.descr
[2016-11-30 18:28:00] REMOTE_ADD              /WRResources/CKEditor/plugins/a11yhelp/dialogs/lang/vi.js
[2016-11-30 18:28:00] REMOTE_ADD      RESTART /WEB-INF/lib/javassist.jar
[2016-11-30 18:28:00] ADD                     /WEB-INF/descr/page5.descr
[2016-11-30 18:28:00] REMOTE_ADD              /wrdefault/css/bpm.css
[2016-11-30 18:28:00] REMOTE_ADD              /WRResources/CKEditor/filemanager/browser/default/images/icons/pdf.gif
[2016-11-30 18:28:00] REMOTE_ADD              /Resources/delete_gray.png
[2016-11-30 18:28:00] REMOTE_ADD              /WRResources/CKEditor/plugins/link/dialogs/link.js
[2016-11-30 18:28:00] REMOTE_ADD              /WEB-INF/descr/enu7.descr
[2016-11-30 18:28:00] REMOTE_ADD              /WRResources/CKEditor/skins/kama/dialog_ie8.css
[2016-11-30 18:28:00] REMOTE_ADD              /WEB-INF/descr/ln5.descr
[2016-11-30 18:28:00] REMOTE_ADD              /WEB-INF/descr/seu1.descr
[2016-11-30 18:28:00] REMOTE_ADD              /WRResources/CKEditor/plugins/specialchar/dialogs/lang/ja.js
[2016-11-30 18:28:00] REMOTE_ADD              /WRResources/ajax/jquery-ui/i18n/jquery.ui.datepicker-mk.js
[2016-11-30 18:28:00] REMOTE_ADD      RESTART /WEB-INF/lib/poi-ooxml-schemas.jar
[2016-11-30 18:28:00] REMOTE_ADD              /WRResources/browsercontrol.css
[2016-11-30 18:28:00] REMOTE_ADD              /WRResources/CKEditor/plugins/showblocks/images/block_h5.png
[2016-11-30 18:28:00] REMOTE_ADD              /WRResources/CKEditor/plugins/smiley/images/angry_smile.png
[2016-11-30 18:28:00] REMOTE_ADD              /WRResources/ajax/jquery-ui/themes/webratio/indicator.gif
[2016-11-30 18:28:00] REMOTE_ADD              /WRResources/CKEditor/filemanager/browser/default/images/icons/32/xml.gif
[2016-11-30 18:28:00] REMOTE_ADD              /BootstrapStyle/dist/css/bootstrap-theme.min.css
[2016-11-30 18:28:00] REMOTE_ADD              /WRResources/CKEditor/filemanager/browser/default/images/icons/32/dll.gif
[2016-11-30 18:28:00] REMOTE_ADD              /WEB-INF/descr/ln21.descr
[2016-11-30 18:28:00] REMOTE_ADD              /_debug.jsp
[2016-11-30 18:28:00] REMOTE_ADD              /WRResources/ajax/jquery-ui/i18n/jquery.ui.datepicker-vi.js
[2016-11-30 18:28:00] REMOTE_ADD              /BootstrapStyle/css/bpm.css
[2016-11-30 18:28:00] REMOTE_ADD      RESTART /WEB-INF/lib/commons-dbcp.jar
[2016-11-30 18:28:00] REMOTE_ADD              /WEB-INF/descr/ln73.descr
[2016-11-30 18:28:00] REMOTE_ADD              /WRGenericLogin.jsp
[2016-11-30 18:28:00] REMOTE_ADD              /WRResources/ajax/jquery-ui/i18n/jquery.ui.datepicker-nn.js
[2016-11-30 18:28:00] REMOTE_ADD              /BootstrapStyle/font-awesome-4.6.3/fonts/fontawesome-webfont.woff2
[2016-11-30 18:28:00] REMOTE_ADD              /WRResources/CKEditor/plugins/a11yhelp/dialogs/lang/he.js
[2016-11-30 18:28:00] REMOTE_ADD              /WEB-INF/descr/ln31.descr
[2016-11-30 18:28:00] REMOTE_ADD              /WRResources/CKEditor/lang/sr.js
[2016-11-30 18:28:00] REMOTE_ADD              /WRResources/CKEditor/plugins/templates/templates/default.js
[2016-11-30 18:28:00] REMOTE_ADD              /page2_ajax.jsp
[2016-11-30 18:28:00] REMOTE_ADD              /WRResources/activation.png
[2016-11-30 18:28:00] REMOTE_ADD              /WEB-INF/descr/kln18.descr
[2016-11-30 18:28:00] REMOTE_ADD              /WRResources/ajax/jquery-ui/i18n/jquery.ui.datepicker-ky.js
[2016-11-30 18:28:00] REMOTE_ADD              /WRResources/CKEditor/lang/tr.js
[2016-11-30 18:28:00] REMOTE_ADD              /WEB-INF/descr/ln40.descr
[2016-11-30 18:28:00] REMOTE_ADD      RESTART /WEB-INF/lib/com.webratio.xsd.jar
[2016-11-30 18:28:00] REMOTE_ADD              /WEB-INF/descr/ln55.descr
[2016-11-30 18:28:00] REMOTE_ADD              /WRResources/CKEditor/LICENSE.md
[2016-11-30 18:28:00] REMOTE_ADD              /page12.jsp
[2016-11-30 18:28:00] REMOTE_ADD              /_response_ajax.jsp
[2016-11-30 18:28:00] REMOTE_ADD              /WRResources/CKEditor/lang/de.js
[2016-11-30 18:28:00] REMOTE_ADD              /WRResources/CKEditor/skins/kama/images/sprites_ie6.png
[2016-11-30 18:28:00] REMOTE_ADD              /WRResources/ajax/jquery-ui/i18n/jquery.ui.datepicker-fo.js
[2016-11-30 18:28:00] REMOTE_ADD              /WEB-INF/descr/ln44.descr
[2016-11-30 18:28:00] REMOTE_ADD              /WEB-INF/descr/ln53.descr
[2016-11-30 18:28:00] REMOTE_ADD      RESTART /WEB-INF/lib/jcaptcha.jar
[2016-11-30 18:28:00] REMOTE_ADD              /WRResources/CKEditor/filemanager/browser/default/images/icons/js.gif
[2016-11-30 18:28:00] REMOTE_ADD              /WEB-INF/descr/kocu4.descr
[2016-11-30 18:28:00] REMOTE_ADD              /BootstrapStyle/css/app.css
[2016-11-30 18:28:00] REMOTE_ADD              /WEB-INF/descr/mssu16.descr
[2016-11-30 18:28:00] REMOTE_ADD              /WEB-INF/descr/ln20.descr
[2016-11-30 18:28:00] REMOTE_ADD              /BootstrapStyle/font-awesome-4.6.3/css/font-awesome.css
[2016-11-30 18:28:00] REMOTE_ADD              /WRResources/timepicker/i18n/jquery-ui-timepicker-he.js
[2016-11-30 18:28:00] REMOTE_ADD              /WRResources/timepicker/i18n/jquery-ui-timepicker-eu.js
[2016-11-30 18:28:00] REMOTE_ADD              /WRResources/CKEditor/lang/bn.js
[2016-11-30 18:28:00] REMOTE_ADD              /WEB-INF/descr/oln7.descr
[2016-11-30 18:28:00] REMOTE_ADD              /WRResources/CKEditor/plugins/a11yhelp/dialogs/lang/hi.js
[2016-11-30 18:28:00] REMOTE_ADD              /WEB-INF/descr/_ws.descr
[2016-11-30 18:28:00] REMOTE_ADD              /WRResources/script.js
[2016-11-30 18:28:00] REMOTE_ADD              /WRResources/CKEditor/filemanager/browser/default/images/spacer.gif
[2016-11-30 18:28:00] REMOTE_ADD              /WRResources/CKEditor/lang/lv.js
[2016-11-30 18:28:00] REMOTE_ADD              /WEB-INF/descr/kln1.descr
[2016-11-30 18:28:00] REMOTE_ADD              /BootstrapStyle/font-awesome-4.6.3/scss/_stacked.scss
[2016-11-30 18:28:00] REMOTE_ADD              /BootstrapStyle/js/createBlogHome.js
[2016-11-30 18:28:00] REMOTE_ADD              /WRResources/ajax/jquery-ui/themes/smoothness/images/ui-bg_flat_75_ffffff_40x100.png
[2016-11-30 18:28:00] REMOTE_ADD              /WRResources/CKEditor/plugins/specialchar/dialogs/lang/he.js
[2016-11-30 18:28:00] REMOTE_ADD              /WRResources/CKEditor/filemanager/browser/default/images/icons/32/htm.gif
[2016-11-30 18:28:00] REMOTE_ADD      RESTART /WEB-INF/lib/commons-pool.jar
[2016-11-30 18:28:00] REMOTE_ADD              /WEB-INF/descr/pwu7.descr
[2016-11-30 18:28:00] REMOTE_ADD              /WRResources/ajax/jquery-ui/i18n/jquery.ui.datepicker-eu.js
[2016-11-30 18:28:00] REMOTE_ADD      RESTART /WEB-INF/lib/com.webratio.rtx.jar
[2016-11-30 18:28:00] REMOTE_ADD              /BootstrapStyle/css/imgs/invalid.PNG
[2016-11-30 18:28:00] REMOTE_ADD              /WRResources/CKEditor/plugins/clipboard/dialogs/paste.js
[2016-11-30 18:28:00] REMOTE_ADD              /WRResources/CKEditor/plugins/about/dialogs/logo_ckeditor.png
[2016-11-30 18:28:00] REMOTE_ADD              /WEB-INF/administration/PropertiesSection.jsp
[2016-11-30 18:28:00] REMOTE_ADD              /WRResources/ajax/jquery-ui/i18n/jquery.ui.datepicker-sr.js
[2016-11-30 18:28:00] REMOTE_ADD              /WRResources/CKEditor/plugins/forms/dialogs/textarea.js
[2016-11-30 18:28:00] REMOTE_ADD              /WEB-INF/descr/ln4.descr
[2016-11-30 18:28:00] REMOTE_ADD              /WEB-INF/descr/oln21.descr
[2016-11-30 18:28:00] REMOTE_ADD              /WRResources/CKEditor/plugins/colordialog/dialogs/colordialog.js
[2016-11-30 18:28:00] REMOTE_ADD      RESTART /WEB-INF/lib/cglib.jar
[2016-11-30 18:28:00] REMOTE_ADD              /WRResources/timepicker/i18n/jquery-ui-timepicker-vi.js
[2016-11-30 18:28:00] REMOTE_ADD              /WEB-INF/descr/oln3.descr
[2016-11-30 18:28:00] REMOTE_ADD              /WRResources/CKEditor/skins/moono/images/hidpi/lock-open.png
[2016-11-30 18:28:00] REMOTE_ADD              /WEB-INF/descr/ln45.descr
[2016-11-30 18:28:00] REMOTE_ADD              /WRResources/CKEditor/skins/kama/editor_iequirks.css
[2016-11-30 18:28:00] REMOTE_ADD              /WEB-INF/descr/page2.link.descr
[2016-11-30 18:28:00] REMOTE_ADD              /WEB-INF/descr/icu7.descr
[2016-11-30 18:28:00] REMOTE_ADD              /WRResources/CKEditor/plugins/specialchar/dialogs/lang/no.js
[2016-11-30 18:28:00] REMOTE_ADD              /WRResources/timepicker/i18n/jquery-ui-timepicker-ca.js
[2016-11-30 18:28:00] REMOTE_ADD              /Resources/PowerIndex.First.png
[2016-11-30 18:28:00] REMOTE_ADD              /WEB-INF/descr/_auth.descr
[2016-11-30 18:28:00] REMOTE_ADD              /WRResources/CKEditor/lang/nb.js
[2016-11-30 18:28:00] REMOTE_ADD              /Resources/calendar_disabled.gif
[2016-11-30 18:28:00] REMOTE_ADD              /WRResources/CKEditor/plugins/about/dialogs/hidpi/logo_ckeditor.png
[2016-11-30 18:28:00] REMOTE_ADD              /WEB-INF/descr/enu5.descr
[2016-11-30 18:28:00] REMOTE_ADD              /WEB-INF/descr/ln52.descr
[2016-11-30 18:28:00] REMOTE_ADD              /WEB-INF/classes/com/webratio/webapp/Post.hbm.xml
[2016-11-30 18:28:00] REMOTE_ADD              /WEB-INF/descr/ln36.descr
[2016-11-30 18:28:00] REMOTE_ADD              /WRResources/CKEditor/lang/sl.js
[2016-11-30 18:28:00] REMOTE_ADD              /WRResources/CKEditor/lang/sr-latn.js
[2016-11-30 18:28:00] REMOTE_ADD              /WRResources/CKEditor/filemanager/browser/default/images/icons/rdp.gif
[2016-11-30 18:28:00] REMOTE_ADD              /WEB-INF/descr/inn1.descr
[2016-11-30 18:28:00] REMOTE_ADD              /WEB-INF/descr/inu4.descr
[2016-11-30 18:28:00] REMOTE_ADD              /WEB-INF/descr/kln10.descr
[2016-11-30 18:28:00] REMOTE_ADD              /WEB-INF/descr/page7.descr
[2016-11-30 18:28:00] REMOTE_ADD              /WEB-INF/descr/ln37.descr
[2016-11-30 18:28:00] REMOTE_ADD              /Resources/Scroller.Previous.png
[2016-11-30 18:28:00] REMOTE_ADD              /WRResources/ajax/jquery-ui/i18n/jquery.ui.datepicker-rm.js
[2016-11-30 18:28:00] REMOTE_ADD              /WRResources/ajax/jquery-ui/i18n/jquery.ui.datepicker-el.js
[2016-11-30 18:28:00] REMOTE_ADD              /BootstrapStyle/dist/fonts/glyphicons-halflings-regular.eot
[2016-11-30 18:28:00] REMOTE_ADD              /WRResources/timepicker/jquery-ui-timepicker-addon.js
[2016-11-30 18:28:00] REMOTE_ADD      RESTART /WEB-INF/lib/struts-extras.jar
[2016-11-30 18:28:00] REMOTE_ADD              /WRResources/CKEditor/plugins/a11yhelp/dialogs/lang/uk.js
[2016-11-30 18:28:00] REMOTE_ADD              /WRResources/CKEditor/filemanager/browser/default/images/icons/swf.gif
[2016-11-30 18:28:00] REMOTE_ADD              /WEB-INF/descr/page13.descr
[2016-11-30 18:28:00] ADD                     /page3.jsp
[2016-11-30 18:28:00] ADD             RESTART /WEB-INF/lib/com.webratio.struts.jar
[2016-11-30 18:28:00] REMOTE_ADD              /WEB-INF/descr/ln14.descr
[2016-11-30 18:28:00] REMOTE_ADD      RESTART /WEB-INF/classes/session_vdb.prepare.sql
[2016-11-30 18:28:00] REMOTE_ADD              /WRResources/ajax/jquery-ui/i18n/jquery.ui.datepicker-lb.js
[2016-11-30 18:28:00] REMOTE_ADD              /WRResources/CKEditor/lang/en.js
[2016-11-30 18:28:00] REMOTE_ADD              /WRResources/timepicker/i18n/jquery-ui-timepicker-el.js
[2016-11-30 18:28:00] REMOTE_ADD              /WRResources/CKEditor/plugins/smiley/images/kiss.png
[2016-11-30 18:28:00] REMOTE_ADD              /WEB-INF/descr/opm3.descr
[2016-11-30 18:28:00] REMOTE_ADD              /WEB-INF/descr/kln20.descr
[2016-11-30 18:28:00] REMOTE_ADD              /WEB-INF/descr/pwu2Next.descr
[2016-11-30 18:28:00] REMOTE_ADD      RESTART /WEB-INF/lib/poi-ooxml.jar
[2016-11-30 18:28:00] REMOTE_ADD      RESTART /WEB-INF/lib/com.webratio.units.module.jar
[2016-11-30 18:28:00] REMOTE_ADD              /WRResources/ajax/jquery-ui/i18n/jquery.ui.datepicker-th.js
[2016-11-30 18:28:00] REMOTE_ADD              /WRResources/CKEditor/plugins/smiley/images/lightbulb.gif
[2016-11-30 18:28:00] REMOTE_ADD              /WRResources/CKEditor/plugins/a11yhelp/dialogs/lang/cy.js
[2016-11-30 18:28:00] REMOTE_ADD              /WEB-INF/descr/okcu3.descr
[2016-11-30 18:28:00] REMOTE_ADD              /BootstrapStyle/font-awesome-4.6.3/less/core.less
[2016-11-30 18:28:00] REMOTE_ADD              /WRResources/CKEditor/lang/da.js
[2016-11-30 18:28:00] REMOTE_ADD              /WRResources/CKEditor/plugins/smiley/images/sad_smile.gif
[2016-11-30 18:28:00] REMOTE_ADD              /WEB-INF/classes/com/webratio/webapp/Comments.hbm.xml
[2016-11-30 18:28:00] REMOTE_ADD              /WRResources/ajax/jquery-ui/i18n/jquery.ui.datepicker-cs.js
[2016-11-30 18:28:00] REMOTE_ADD              /WRResources/ajax/jquery-ui/themes/smoothness/images/ui-bg_glass_75_e6e6e6_1x400.png
[2016-11-30 18:28:00] REMOTE_ADD              /WRResources/ajax/webratio/wr.debug.js
[2016-11-30 18:28:00] REMOTE_ADD              /WRResources/CKEditor/skins/moono/dialog_ie8.css
[2016-11-30 18:28:00] REMOTE_ADD              /WRResources/CKEditor/skins/kama/editor.css
[2016-11-30 18:28:00] REMOTE_ADD              /WEB-INF/descr/kln13.descr
[2016-11-30 18:28:00] REMOTE_ADD              /WRResources/CKEditor/plugins/icons_hidpi.png
[2016-11-30 18:28:00] REMOTE_ADD              /WRResources/CKEditor/plugins/a11yhelp/dialogs/lang/ca.js
[2016-11-30 18:28:00] REMOTE_ADD      RESTART /WEB-INF/lib/com.webratio.units.content.jar
[2016-11-30 18:28:00] REMOTE_ADD              /WRResources/CKEditor/plugins/a11yhelp/dialogs/lang/cs.js
[2016-11-30 18:28:00] REMOTE_ADD              /WRResources/CKEditor/plugins/smiley/images/embarrassed_smile.png
[2016-11-30 18:28:00] REMOTE_ADD              /WEB-INF/descr/ln49.descr
[2016-11-30 18:28:00] ADD                     /WEB-INF/descr/cru6.descr
[2016-11-30 18:28:00] REMOTE_ADD              /WRResources/CKEditor/filemanager/browser/default/images/ButtonArrow.gif
[2016-11-30 18:28:00] REMOTE_ADD      RESTART /WEB-INF/lib/poi.jar
[2016-11-30 18:28:00] REMOTE_ADD              /WRResources/CKEditor/lang/id.js
[2016-11-30 18:28:00] REMOTE_ADD              /WRResources/CKEditor/plugins/specialchar/dialogs/lang/ru.js
[2016-11-30 18:28:00] REMOTE_ADD              /WRResources/CKEditor/plugins/specialchar/dialogs/lang/th.js
[2016-11-30 18:28:00] REMOTE_ADD              /WEB-INF/descr/okcu5.descr
[2016-11-30 18:28:00] REMOTE_ADD              /WRResources/CKEditor/filemanager/browser/default/images/icons/exe.gif
[2016-11-30 18:28:00] REMOTE_ADD              /WRResources/CKEditor/plugins/a11yhelp/dialogs/lang/hu.js
[2016-11-30 18:28:00] REMOTE_ADD              /page1.jsp
[2016-11-30 18:28:00] REMOTE_ADD              /WEB-INF/descr/mfu2.descr
[2016-11-30 18:28:00] REMOTE_ADD              /WEB-INF/descr/kocu2.descr
[2016-11-30 18:28:00] REMOTE_ADD              /BootstrapStyle/js/respond.min.js
[2016-11-30 18:28:00] REMOTE_ADD              /WEB-INF/descr/kocu6.descr
[2016-11-30 18:28:00] REMOTE_ADD              /WEB-INF/descr/kln2.descr
[2016-11-30 18:28:00] REMOTE_ADD              /WRResources/CKEditor/lang/ms.js
[2016-11-30 18:28:00] REMOTE_ADD              /WRResources/CKEditor/filemanager/browser/default/images/icons/fla.gif
[2016-11-30 18:28:00] REMOTE_ADD              /Resources/calendar.gif
[2016-11-30 18:28:00] REMOTE_ADD              /WEB-INF/descr/miu14.descr
[2016-11-30 18:28:00] REMOTE_ADD              /WRResources/CKEditor/plugins/scayt/dialogs/options.js
[2016-11-30 18:28:00] REMOTE_ADD              /WRResources/CKEditor/skins/moono/editor_gecko.css
[2016-11-30 18:28:00] REMOTE_ADD              /WRResources/CKEditor/skins/moono/icons.png
[2016-11-30 18:28:00] REMOTE_ADD              /WRResources/CKEditor/plugins/liststyle/dialogs/liststyle.js
[2016-11-30 18:28:00] REMOTE_ADD              /WRResources/CKEditor/plugins/pagebreak/images/pagebreak.gif
[2016-11-30 18:28:00] REMOTE_ADD              /Resources/forceUpdate.png
[2016-11-30 18:28:00] REMOTE_ADD              /WEB-INF/descr/oln20.descr
[2016-11-30 18:28:00] REMOTE_ADD              /WRResources/CKEditor/skins/kama/dialog.css
[2016-11-30 18:28:00] REMOTE_ADD              /WRResources/CKEditor/plugins/smiley/images/kiss.gif
[2016-11-30 18:28:00] REMOTE_ADD              /BootstrapStyle/font-awesome-4.6.3/less/icons.less
[2016-11-30 18:28:00] REMOTE_ADD              /WRResources/CKEditor/lang/si.js
[2016-11-30 18:28:00] REMOTE_ADD              /WEB-INF/descr/tmu4.descr
[2016-11-30 18:28:00] REMOTE_ADD              /WEB-INF/descr/mssu3.descr
[2016-11-30 18:28:00] REMOTE_ADD              /wrdefault/js/flotr2.min.js
[2016-11-30 18:28:00] REMOTE_ADD              /WRResources/CKEditor/plugins/specialchar/dialogs/lang/it.js
[2016-11-30 18:28:00] REMOTE_ADD              /WRResources/CKEditor/plugins/specialchar/dialogs/lang/ca.js
[2016-11-30 18:28:00] REMOTE_ADD              /WRResources/ajax/jquery-ui/i18n/jquery.ui.datepicker-uk.js
[2016-11-30 18:28:00] REMOTE_ADD              /BootstrapStyle/font-awesome-4.6.3/scss/_screen-reader.scss
[2016-11-30 18:28:00] REMOTE_ADD              /WRResources/ajax/jquery-ui/themes/webratio/style.css
[2016-11-30 18:28:00] REMOTE_ADD              /WEB-INF/descr/gtu1.descr
[2016-11-30 18:28:00] REMOTE_ADD              /WRResources/CKEditor/filemanager/browser/default/images/icons/gif.gif
[2016-11-30 18:28:00] REMOTE_ADD              /WEB-INF/descr/ln33.descr
[2016-11-30 18:28:00] REMOTE_ADD      RESTART /WEB-INF/lib/auth-helper.jar
[2016-11-30 18:28:00] REMOTE_ADD              /WRResources/CKEditor/plugins/wsc/dialogs/ciframe.html
[2016-11-30 18:28:00] REMOTE_ADD              /WRResources/CKEditor/filemanager/browser/default/images/icons/32/avi.gif
[2016-11-30 18:28:00] REMOTE_ADD              /BootstrapStyle/font-awesome-4.6.3/less/mixins.less
[2016-11-30 18:28:00] REMOTE_ADD      RESTART /WEB-INF/lib/commons-codec.jar
[2016-11-30 18:28:00] REMOTE_ADD              /BootstrapStyle/js/html5shiv.min.js
[2016-11-30 18:28:00] REMOTE_ADD      RESTART /WEB-INF/lib/fontbox.jar
[2016-11-30 18:28:00] REMOTE_ADD      RESTART /WEB-INF/lib/pdfbox.jar
[2016-11-30 18:28:00] REMOTE_ADD              /BootstrapStyle/dist/css/bootstrap-theme.css
[2016-11-30 18:28:00] REMOTE_ADD              /WEB-INF/descr/kln5.descr
[2016-11-30 18:28:00] REMOTE_ADD              /WRResources/CKEditor/filemanager/browser/default/frmfolders.html
[2016-11-30 18:28:00] REMOTE_ADD              /WRResources/CKEditor/plugins/specialchar/dialogs/lang/lv.js
[2016-11-30 18:28:00] REMOTE_ADD              /WRResources/pdficon.png
[2016-11-30 18:28:00] REMOTE_ADD              /WEB-INF/descr/kocu5.descr
[2016-11-30 18:28:00] REMOTE_ADD              /BootstrapStyle/dist/css/cerulean/bootstrap.min.css
[2016-11-30 18:28:00] REMOTE_ADD              /WEB-INF/descr/pwu1Next.descr
[2016-11-30 18:28:00] REMOTE_ADD              /WRResources/CKEditor/plugins/a11yhelp/dialogs/lang/nl.js
[2016-11-30 18:28:00] REMOTE_ADD              /WRResources/ajax/jquery-ui/themes/smoothness/images/ui-icons_222222_256x240.png
[2016-11-30 18:28:00] REMOTE_ADD      RESTART /WEB-INF/lib/tm-extractors.jar
[2016-11-30 18:28:00] REMOTE_ADD              /Resources/refresh.png
[2016-11-30 18:28:00] REMOTE_ADD      RESTART /WEB-INF/lib/commons-beanutils-core.jar
[2016-11-30 18:28:00] REMOTE_ADD              /WRResources/CKEditor/skins/moono/images/hidpi/lock.png
[2016-11-30 18:28:00] REMOTE_ADD              /WEB-INF/classes/com/webratio/webapp/User.class
[2016-11-30 18:28:00] REMOTE_ADD              /Resources/multicheckSelected.png
[2016-11-30 18:28:00] REMOTE_ADD              /WRResources/ajax/jquery-ui/themes/smoothness/images/ui-bg_flat_0_aaaaaa_40x100.png
[2016-11-30 18:28:00] REMOTE_ADD              /WRResources/CKEditor/skins/kama/skin.js
[2016-11-30 18:28:00] REMOTE_ADD              /WRResources/CKEditor/plugins/forms/dialogs/select.js
[2016-11-30 18:28:00] REMOTE_ADD              /WRResources/CKEditor/plugins/smiley/images/broken_heart.gif
[2016-11-30 18:28:00] REMOTE_ADD              /WRResources/CKEditor/plugins/smiley/images/shades_smile.gif
[2016-11-30 18:28:00] REMOTE_ADD              /WRResources/CKEditor/skins/kama/dialog_iequirks.css
[2016-11-30 18:28:00] REMOTE_ADD              /WRResources/CKEditor/plugins/div/dialogs/div.js
[2016-11-30 18:28:00] REMOTE_ADD              /WEB-INF/administration/LogsSection.jsp
[2016-11-30 18:28:00] REMOTE_ADD              /WEB-INF/descr/pwu1.descr
[2016-11-30 18:28:00] REMOTE_ADD              /WRResources/CKEditor/plugins/smiley/images/devil_smile.gif
[2016-11-30 18:28:00] REMOTE_ADD              /WRResources/CKEditor/plugins/a11yhelp/dialogs/lang/es.js
[2016-11-30 18:28:00] REMOTE_ADD              /WEB-INF/descr/ln81.descr
[2016-11-30 18:28:00] REMOTE_ADD              /WRResources/CKEditor/plugins/specialchar/dialogs/lang/sv.js
[2016-11-30 18:28:00] REMOTE_ADD              /BootstrapStyle/font-awesome-4.6.3/less/screen-reader.less
[2016-11-30 18:28:00] REMOTE_ADD      RESTART /WEB-INF/lib/jasperreports.jar
[2016-11-30 18:28:00] REMOTE_ADD              /BootstrapStyle/font-awesome-4.6.3/less/path.less
[2016-11-30 18:28:00] REMOTE_ADD              /WEB-INF/descr/mssu14.descr
[2016-11-30 18:28:00] REMOTE_ADD              /WRResources/CKEditor/plugins/a11yhelp/dialogs/lang/sr-latn.js
[2016-11-30 18:28:00] REMOTE_ADD              /WEB-INF/descr/ln6.descr
[2016-11-30 18:28:00] REMOTE_ADD              /WEB-INF/descr/dau10.descr
[2016-11-30 18:28:00] REMOTE_ADD              /WRResources/CKEditor/plugins/a11yhelp/dialogs/lang/ru.js
[2016-11-30 18:28:00] REMOTE_ADD              /WRResources/CKEditor/filemanager/browser/default/images/icons/htm.gif
[2016-11-30 18:28:00] REMOTE_ADD              /WEB-INF/descr/page10.descr
[2016-11-30 18:28:00] REMOTE_ADD              /WRResources/ajax/jquery-ui/i18n/jquery.ui.datepicker-pt.js
[2016-11-30 18:28:00] REMOTE_ADD              /BootstrapStyle/js/adjustForm.js
[2016-11-30 18:28:00] REMOTE_ADD              /WRResources/CKEditor/lang/fa.js
[2016-11-30 18:28:00] REMOTE_ADD              /WRResources/ajax/jquery-ui/i18n/jquery.ui.datepicker-ja.js
[2016-11-30 18:28:00] REMOTE_ADD              /WRResources/CKEditor/skins/kama/icons.png
[2016-11-30 18:28:00] REMOTE_ADD              /WRResources/CKEditor/plugins/showblocks/images/block_h4.png
[2016-11-30 18:28:00] REMOTE_ADD              /WEB-INF/descr/opm1.descr
[2016-11-30 18:28:00] REMOTE_ADD              /WRResources/CKEditor/plugins/a11yhelp/dialogs/lang/id.js
[2016-11-30 18:28:00] REMOTE_ADD              /WRResources/CKEditor/lang/lt.js
[2016-11-30 18:28:00] REMOTE_ADD              /WRResources/CKEditor/plugins/smiley/images/confused_smile.png
[2016-11-30 18:28:00] REMOTE_ADD              /WEB-INF/descr/icu5.descr
[2016-11-30 18:28:00] REMOTE_ADD              /BootstrapStyle/css/CEN5039.css
[2016-11-30 18:28:00] REMOTE_ADD              /WRResources/CKEditor/filemanager/browser/default/images/icons/32/png.gif
[2016-11-30 18:28:00] ADD             RESTART /WEB-INF/classes/ApplicationResources_en_US.properties
[2016-11-30 18:28:00] REMOTE_ADD              /WEB-INF/descr/kln12.descr
[2016-11-30 18:28:00] REMOTE_ADD              /WRResources/CKEditor/skins/kama/editor_ie.css
[2016-11-30 18:28:00] REMOTE_ADD              /WRResources/CKEditor/lang/el.js
[2016-11-30 18:28:00] REMOTE_ADD              /WRResources/CKEditor/plugins/a11yhelp/dialogs/lang/fr.js
[2016-11-30 18:28:00] REMOTE_ADD              /WEB-INF/descr/ln74.descr
[2016-11-30 18:28:00] REMOTE_ADD              /WRResources/CKEditor/plugins/a11yhelp/dialogs/lang/ja.js
[2016-11-30 18:28:00] REMOTE_ADD      RESTART /WEB-INF/lib/jackson-core.jar
[2016-11-30 18:28:00] REMOTE_ADD              /WRResources/CKEditor/filemanager/browser/default/images/icons/32/swt.gif
[2016-11-30 18:28:00] REMOTE_ADD              /WEB-INF/descr/ln13.descr
[2016-11-30 18:28:00] REMOTE_ADD              /WRResources/CKEditor/filemanager/browser/default/images/icons/32/fla.gif
[2016-11-30 18:28:00] REMOTE_ADD              /WRResources/CKEditor/plugins/specialchar/dialogs/lang/sk.js
[2016-11-30 18:28:00] REMOTE_ADD              /WRDefault_Default.expire.jsp
[2016-11-30 18:28:00] REMOTE_ADD              /WRResources/CKEditor/plugins/forms/dialogs/form.js
[2016-11-30 18:28:00] REMOTE_ADD      RESTART /WEB-INF/lib/xmlbeans.jar
[2016-11-30 18:28:00] REMOTE_ADD              /WRResources/CKEditor/plugins/smiley/images/regular_smile.png
[2016-11-30 18:28:00] ADD                     /WEB-INF/descr/ln26.descr
[2016-11-30 18:28:00] REMOTE_ADD              /WEB-INF/descr/miu3.descr
[2016-11-30 18:28:00] REMOTE_ADD      RESTART /WEB-INF/lib/com.webratio.json.jar
[2016-11-30 18:28:00] REMOTE_ADD              /WRResources/CKEditor/skins/kama/readme.md
[2016-11-30 18:28:00] REMOTE_ADD              /WRResources/CKEditor/plugins/specialchar/dialogs/lang/sl.js
[2016-11-30 18:28:00] REMOTE_ADD              /WEB-INF/descr/mfu3.descr
[2016-11-30 18:28:00] REMOTE_ADD              /WRResources/timepicker/i18n/jquery-ui-timepicker-af.js
[2016-11-30 18:28:00] REMOTE_ADD              /WRResources/CKEditor/plugins/specialchar/dialogs/lang/el.js
[2016-11-30 18:28:00] REMOTE_ADD              /BootstrapStyle/font-awesome-4.6.3/scss/_variables.scss
[2016-11-30 18:28:00] REMOTE_ADD      RESTART /WEB-INF/lib/mysql-connector-java.jar
[2016-11-30 18:28:00] REMOTE_ADD              /WEB-INF/descr/oln13.descr
[2016-11-30 18:28:00] REMOTE_ADD              /WEB-INF/classes/com/webratio/webapp/Post.class
[2016-11-30 18:28:00] REMOTE_ADD              /WRResources/CKEditor/lang/gl.js
[2016-11-30 18:28:00] ADD                     /WEB-INF/descr/cru3.descr
[2016-11-30 18:28:00] REMOTE_ADD              /WEB-INF/descr/qu6.descr
[2016-11-30 18:28:00] REMOTE_ADD      RESTART /WEB-INF/lib/groovy-all.jar
[2016-11-30 18:28:00] REMOTE_ADD              /WRResources/CKEditor/plugins/smiley/images/whatchutalkingabout_smile.png
[2016-11-30 18:28:00] REMOTE_ADD      RESTART /WEB-INF/classes/application_vdb.prepare.sql
[2016-11-30 18:28:00] REMOTE_ADD              /WRResources/CKEditor/plugins/a11yhelp/dialogs/lang/pl.js
[2016-11-30 18:28:00] REMOTE_ADD              /Resources/unassign_disabled.png
[2016-11-30 18:28:00] REMOTE_ADD              /WEB-INF/descr/qu5.descr
[2016-11-30 18:28:00] REMOTE_ADD              /WEB-INF/descr/ln17.descr
[2016-11-30 18:28:00] REMOTE_ADD              /WEB-INF/descr/ln78.descr
[2016-11-30 18:28:00] REMOTE_ADD      RESTART /WEB-INF/lib/jackson-annotation.jar
[2016-11-30 18:28:00] REMOTE_ADD              /WRResources/CKEditor/plugins/smiley/images/shades_smile.png
[2016-11-30 18:28:00] REMOTE_ADD              /WRResources/CKEditor/skins/kama/images/mini.gif
[2016-11-30 18:28:00] REMOTE_ADD              /WRResources/CKEditor/plugins/a11yhelp/dialogs/lang/sl.js
[2016-11-30 18:28:00] REMOTE_ADD              /WEB-INF/descr/pwu2Previous.descr
[2016-11-30 18:28:00] REMOTE_ADD              /WRResources/zipicon.png
[2016-11-30 18:28:00] REMOTE_ADD              /WRResources/CKEditor/filemanager/browser/default/browser.css
[2016-11-30 18:28:00] REMOTE_ADD              /page14.jsp
[2016-11-30 18:28:00] REMOTE_ADD              /WRResources/CKEditor/filemanager/browser/default/images/icons/xml.gif
[2016-11-30 18:28:00] REMOTE_ADD              /wrdefault/images/info.png
[2016-11-30 18:28:00] REMOTE_ADD              /WRResources/CKEditor/filemanager/browser/default/images/icons/xls.gif
[2016-11-30 18:28:00] REMOTE_ADD              /page11.jsp
[2016-11-30 18:28:00] REMOTE_ADD              /NotificationMessage/css/components.css
[2016-11-30 18:28:00] REMOTE_ADD              /WEB-INF/descr/_layout.descr
[2016-11-30 18:28:00] REMOTE_ADD              /WRResources/CKEditor/plugins/specialchar/dialogs/lang/cy.js
[2016-11-30 18:28:00] REMOTE_ADD              /WRResources/CKEditor/plugins/about/dialogs/about.js
[2016-11-30 18:28:00] REMOTE_ADD              /WEB-INF/descr/lou1.descr
[2016-11-30 18:28:00] REMOTE_ADD              /WRResources/timepicker/i18n/jquery-ui-timepicker-fr.js
[2016-11-30 18:28:00] REMOTE_ADD              /WRResources/timepicker/i18n/jquery-ui-timepicker-ru.js
[2016-11-30 18:28:00] ADD                     /WEB-INF/descr/ln38.descr
[2016-11-30 18:28:00] REMOTE_ADD              /WRResources/timepicker/i18n/jquery-ui-timepicker-es.js
[2016-11-30 18:28:00] REMOTE_ADD              /BootstrapStyle/dist/css/united/bootstrap.min.css
[2016-11-30 18:28:00] REMOTE_ADD              /WRResources/CKEditor/plugins/a11yhelp/dialogs/lang/fi.js
[2016-11-30 18:28:00] REMOTE_ADD              /page10.jsp
[2016-11-30 18:28:00] REMOTE_ADD              /WRResources/ajax/jquery-ui/i18n/jquery.ui.datepicker-ca.js
[2016-11-30 18:28:00] REMOTE_ADD              /BootstrapStyle/font-awesome-4.6.3/less/rotated-flipped.less
[2016-11-30 18:28:00] REMOTE_ADD              /WRResources/ajax/jquery-ui/i18n/jquery.ui.datepicker-pl.js
[2016-11-30 18:28:00] REMOTE_ADD              /WRResources/timepicker/i18n/jquery-ui-timepicker-ro.js
[2016-11-30 18:28:00] REMOTE_ADD              /WRResources/CKEditor/lang/hu.js
[2016-11-30 18:28:00] REMOTE_ADD      RESTART /WEB-INF/lib/com.webratio.ws.jar
[2016-11-30 18:28:00] REMOTE_ADD              /WRResources/CKEditor/filemanager/browser/default/frmresourcetype.html
[2016-11-30 18:28:00] REMOTE_ADD      RESTART /WEB-INF/lib/jta.jar
[2016-11-30 18:28:00] REMOTE_ADD              /WEB-INF/descr/ln3.descr
[2016-11-30 18:28:00] REMOTE_ADD              /WRResources/CKEditor/lang/en-ca.js
[2016-11-30 18:28:00] REMOTE_ADD              /WEB-INF/descr/enu10.descr
[2016-11-30 18:28:00] REMOTE_ADD              /WEB-INF/descr/pcu5.descr
[2016-11-30 18:28:00] REMOTE_ADD              /WRResources/ajax/jquery-ui/themes/smoothness/images/ui-bg_glass_55_fbf9ee_1x400.png
[2016-11-30 18:28:00] REMOTE_ADD              /WRResources/CKEditor/skins/moono/dialog_ie.css
[2016-11-30 18:28:00] REMOTE_ADD              /WRResources/CKEditor/skins/moono/editor_ie7.css
[2016-11-30 18:28:00] REMOTE_ADD              /WEB-INF/descr/miu10.descr
[2016-11-30 18:28:00] REMOTE_ADD              /BootstrapStyle/css/imgs/adminIcon.png
[2016-11-30 18:28:00] REMOTE_ADD              /WRResources/CKEditor/plugins/table/dialogs/table.js
[2016-11-30 18:28:00] REMOTE_ADD              /WRResources/ajax/jquery-ui/i18n/jquery.ui.datepicker-en.js
[2016-11-30 18:28:00] REMOTE_ADD              /WEB-INF/descr/ln75.descr
[2016-11-30 18:28:00] REMOTE_ADD              /WRResources/CKEditor/ckeditor.js
[2016-11-30 18:28:00] REMOTE_ADD              /WRResources/CKEditor/plugins/specialchar/dialogs/lang/nl.js
[2016-11-30 18:28:00] REMOTE_ADD              /WRResources/ajax/jquery-ui/i18n/jquery.ui.datepicker-nl.js
[2016-11-30 18:28:00] REMOTE_ADD              /WRResources/CKEditor/plugins/a11yhelp/dialogs/lang/_translationstatus.txt
[2016-11-30 18:28:00] REMOTE_ADD              /Resources/Scroller.First.png
[2016-11-30 18:28:00] REMOTE_ADD              /WRResources/CKEditor/adapters/jquery.js
[2016-11-30 18:28:00] REMOTE_ADD              /WRResources/CKEditor/plugins/image/images/noimage.png
[2016-11-30 18:28:00] REMOTE_ADD              /WEB-INF/descr/oln23.descr
[2016-11-30 18:28:00] REMOTE_ADD              /WRResources/timepicker/i18n/jquery-ui-timepicker-hr.js
[2016-11-30 18:28:00] REMOTE_ADD              /WRResources/CKEditor/plugins/flash/images/placeholder.png
[2016-11-30 18:28:00] REMOTE_ADD              /WRResources/CKEditor/lang/ar.js
[2016-11-30 18:28:00] REMOTE_ADD              /WRResources/CKEditor/plugins/wsc/LICENSE.md
[2016-11-30 18:28:00] REMOTE_ADD              /WEB-INF/descr/ln11.descr
[2016-11-30 18:28:00] REMOTE_ADD      RESTART /WEB-INF/lib/com.webratio.units.controlflow.jar
[2016-11-30 18:28:00] REMOTE_ADD              /WEB-INF/descr/dlu1.descr
[2016-11-30 18:28:00] REMOTE_ADD              /WEB-INF/descr/ln47.descr
[2016-11-30 18:28:00] REMOTE_ADD              /WRResources/CKEditor/skins/moono/icons_hidpi.png
[2016-11-30 18:28:00] REMOTE_ADD              /CSS/NotificationMessageMultiMessageUnit/NotificationMessage.css
[2016-11-30 18:28:00] REMOTE_ADD              /BootstrapStyle/dist/css/spacelab/bootstrap.min.css
[2016-11-30 18:28:00] REMOTE_ADD      RESTART /WEB-INF/lib/commons-httpclient.jar
[2016-11-30 18:28:00] REMOTE_ADD              /WRResources/CKEditor/plugins/a11yhelp/dialogs/lang/sk.js
[2016-11-30 18:28:00] REMOTE_ADD              /BootstrapStyle/font-awesome-4.6.3/fonts/FontAwesome.otf
[2016-11-30 18:28:00] REMOTE_ADD              /page2.jsp
[2016-11-30 18:28:00] REMOTE_ADD              /WRResources/CKEditor/lang/ko.js
[2016-11-30 18:28:00] REMOTE_ADD              /WRResources/CKEditor/filemanager/browser/default/images/icons/ppt.gif
[2016-11-30 18:28:00] REMOTE_ADD              /WRResources/CKEditor/lang/ro.js
[2016-11-30 18:28:00] REMOTE_ADD              /WRResources/CKEditor/filemanager/browser/default/images/FolderOpened.gif
[2016-11-30 18:28:00] REMOTE_ADD              /WEB-INF/descr/qu1.descr
[2016-11-30 18:28:00] REMOTE_ADD              /WRResources/CKEditor/filemanager/browser/default/images/FolderOpened32.gif
[2016-11-30 18:28:00] REMOTE_ADD              /WRResources/CKEditor/lang/fo.js
[2016-11-30 18:28:00] REMOTE_ADD              /WRResources/CKEditor/plugins/specialchar/dialogs/lang/bg.js
[2016-11-30 18:28:00] REMOTE_ADD              /WEB-INF/classes/com/webratio/webapp/Comments.class
[2016-11-30 18:28:00] REMOTE_ADD              /Resources/create.png
[2016-11-30 18:28:00] REMOTE_ADD              /WRResources/CKEditor/plugins/specialchar/dialogs/lang/eo.js
[2016-11-30 18:28:00] REMOTE_ADD      RESTART /WEB-INF/lib/commons-net.jar
[2016-11-30 18:28:00] REMOTE_ADD              /WRResources/CKEditor/skins/kama/dialog_opera.css
[2016-11-30 18:28:00] REMOTE_ADD              /WRResources/CKEditor/lang/he.js
[2016-11-30 18:28:00] REMOTE_ADD              /WEB-INF/descr/page4.descr
[2016-11-30 18:28:00] REMOTE_ADD              /WRResources/general.png
[2016-11-30 18:28:00] REMOTE_ADD      RESTART /WEB-INF/lib/commons-chain.jar
[2016-11-30 18:28:00] REMOTE_ADD              /wrdefault/images/database_warning.png
[2016-11-30 18:28:00] REMOTE_ADD              /WEB-INF/descr/icu3.descr
[2016-11-30 18:28:00] REMOTE_ADD              /WEB-INF/descr/kocu7.descr
[2016-11-30 18:28:00] REMOTE_ADD      RESTART /WEB-INF/lib/activation.jar
[2016-11-30 18:28:00] REMOTE_ADD              /WEB-INF/descr/enu8.descr
[2016-11-30 18:28:00] REMOTE_ADD              /BootstrapStyle/dist/css/slate/bootstrap.css
[2016-11-30 18:28:00] REMOTE_ADD              /WRResources/CKEditor/filemanager/connectors/uploadtest.html
[2016-11-30 18:28:00] REMOTE_ADD              /WEB-INF/descr/miu1.descr
[2016-11-30 18:28:00] REMOTE_ADD              /WRResources/CKEditor/plugins/showblocks/images/block_blockquote.png
[2016-11-30 18:28:00] REMOTE_ADD              /WEB-INF/descr/pwu4Block.descr
[2016-11-30 18:28:00] REMOTE_ADD              /WEB-INF/administration/GeneralSection.jsp
[2016-11-30 18:28:00] REMOTE_ADD              /WRResources/CKEditor/plugins/templates/templates/images/template3.gif
[2016-11-30 18:28:00] REMOTE_ADD              /WEB-INF/descr/oln25.descr
[2016-11-30 18:28:00] REMOTE_ADD      RESTART /WEB-INF/classes/application_vdb.hibernate.cfg.xml
[2016-11-30 18:28:00] REMOTE_ADD              /WEB-INF/descr/oln9.descr
[2016-11-30 18:28:00] REMOTE_ADD      RESTART /WEB-INF/lib/struts-core.jar
[2016-11-30 18:28:00] REMOTE_ADD              /WRResources/CKEditor/plugins/wsc/dialogs/wsc.css
[2016-11-30 18:28:00] REMOTE_ADD              /BootstrapStyle/js/ImageAnimation.js
[2016-11-30 18:28:00] REMOTE_ADD              /page8.jsp
[2016-11-30 18:28:00] REMOTE_ADD      RESTART /WEB-INF/lib/saxon.jar
[2016-11-30 18:28:00] REMOTE_ADD              /Resources/HierarchicalIndex.Next.png
[2016-11-30 18:28:00] REMOTE_ADD              /WRResources/CKEditor/skins/moono/images/lock.png
[2016-11-30 18:28:00] REMOTE_ADD              /WRResources/timepicker/i18n/jquery-ui-timepicker-fi.js
[2016-11-30 18:28:00] REMOTE_ADD              /WEB-INF/administration/WRAdminLogin.jsp
[2016-11-30 18:28:00] REMOTE_ADD              /WRResources/CKEditor/lang/gu.js
[2016-11-30 18:28:00] REMOTE_ADD              /WRResources/CKEditor/lang/ja.js
[2016-11-30 18:28:00] REMOTE_ADD              /WRResources/CKEditor/skins/moono/editor_ie8.css
[2016-11-30 18:28:00] REMOTE_ADD              /WEB-INF/descr/ln22.descr
[2016-11-30 18:28:00] REMOTE_ADD              /WEB-INF/descr/gtu3.descr
[2016-11-30 18:28:00] REMOTE_ADD              /WRResources/ajax/jquery-ui/i18n/jquery.ui.datepicker-kk.js
[2016-11-30 18:28:00] REMOTE_ADD              /WRResources/CKEditor/skins/kama/images/dialog_sides.gif
[2016-11-30 18:28:00] REMOTE_ADD              /WRResources/CKEditor/plugins/specialchar/dialogs/lang/si.js
[2016-11-30 18:28:00] REMOTE_ADD              /WEB-INF/descr/gctu2.descr
[2016-11-30 18:28:00] REMOTE_ADD              /WRResources/timepicker/i18n/jquery-ui-timepicker-pl.js
[2016-11-30 18:28:00] ADD                     /WEB-INF/descr/pcu1.descr
[2016-11-30 18:28:00] REMOTE_ADD              /WEB-INF/descr/cru4.descr
[2016-11-30 18:28:00] REMOTE_ADD              /WEB-INF/descr/oln12.descr
[2016-11-30 18:28:00] REMOTE_ADD              /WRResources/CKEditor/lang/eo.js
[2016-11-30 18:28:00] REMOTE_ADD              /WRResources/ajax/jquery-ui/i18n/jquery.ui.datepicker-de.js
[2016-11-30 18:28:00] REMOTE_ADD              /WRResources/CKEditor/plugins/scayt/LICENSE.md
[2016-11-30 18:28:00] REMOTE_ADD              /WEB-INF/descr/gtu5.descr
[2016-11-30 18:28:00] REMOTE_ADD              /WEB-INF/descr/qu2.descr
[2016-11-30 18:28:00] REMOTE_ADD              /WRResources/ajax/jquery-ui/i18n/jquery.ui.datepicker-sl.js
[2016-11-30 18:28:00] REMOTE_ADD              /WEB-INF/descr/page7.link.descr
[2016-11-30 18:28:00] REMOTE_ADD              /WRResources/CKEditor/plugins/showblocks/images/block_h3.png
[2016-11-30 18:28:00] REMOTE_ADD              /WRResources/CKEditor/skins/moono/images/hidpi/close.png
[2016-11-30 18:28:00] REMOTE_ADD              /WEB-INF/descr/opm7.descr
[2016-11-30 18:28:00] ADD                     /WEB-INF/descr/page3.descr
[2016-11-30 18:28:00] REMOTE_ADD              /WRResources/ajax/webratio/calendar-utils.js
[2016-11-30 18:28:00] REMOTE_ADD              /WRResources/CKEditor/plugins/templates/dialogs/templates.css
[2016-11-30 18:28:00] REMOTE_ADD              /WEB-INF/descr/ln42.descr
[2016-11-30 18:28:00] REMOTE_ADD              /_indexer.jsp
[2016-11-30 18:28:00] REMOTE_ADD              /WRResources/CKEditor/lang/uk.js
[2016-11-30 18:28:00] REMOTE_ADD              /BootstrapStyle/dist/fonts/glyphicons-halflings-regular.woff
[2016-11-30 18:28:00] REMOTE_UPDATE   RESTART /WEB-INF/web.xml
[2016-11-30 18:28:00] REMOTE_ADD              /WRResources/CKEditor/filemanager/browser/default/images/icons/cs.gif
[2016-11-30 18:28:00] REMOTE_ADD              /BootstrapStyle/dist/fonts/glyphicons-halflings-regular.ttf
[2016-11-30 18:28:00] REMOTE_ADD              /WRResources/CKEditor/filemanager/browser/default/images/icons/txt.gif
[2016-11-30 18:28:00] REMOTE_ADD              /WRResources/CKEditor/lang/zh-cn.js
[2016-11-30 18:28:00] REMOTE_ADD              /WEB-INF/descr/pwu4Previous.descr
[2016-11-30 18:28:00] REMOTE_ADD              /WRResources/CKEditor/plugins/specialchar/dialogs/lang/gl.js
[2016-11-30 18:28:00] REMOTE_ADD              /WEB-INF/descr/pwu3Previous.descr
[2016-11-30 18:28:00] REMOTE_ADD              /WRResources/CKEditor/plugins/smiley/images/tongue_smile.gif
[2016-11-30 18:28:00] REMOTE_ADD              /Resources/PowerIndex.Previous.png
[2016-11-30 18:28:00] REMOTE_ADD              /WRResources/CKEditor/skins/moono/dialog_iequirks.css
[2016-11-30 18:28:00] REMOTE_ADD              /WRResources/CKEditor/lang/en-au.js
[2016-11-30 18:28:00] REMOTE_ADD              /WRResources/CKEditor/plugins/showblocks/images/block_p.png
[2016-11-30 18:28:00] REMOTE_ADD              /WRResources/ajax/jquery-ui/i18n/jquery.ui.datepicker-et.js
[2016-11-30 18:28:00] REMOTE_ADD              /WRResources/ajax/jquery-ui/i18n/jquery.ui.datepicker-tr.js
[2016-11-30 18:28:00] REMOTE_ADD              /WRResources/CKEditor/plugins/smiley/dialogs/smiley.js
[2016-11-30 18:28:00] REMOTE_ADD              /WRResources/timepicker/i18n/jquery-ui-timepicker-gl.js
[2016-11-30 18:28:00] REMOTE_ADD              /WRResources/ajax/webratio/widgets.js
[2016-11-30 18:28:00] REMOTE_ADD      RESTART /WEB-INF/lib/mail.jar
[2016-11-30 18:28:00] REMOTE_ADD              /BootstrapStyle/dist/js/bootstrap.js
[2016-11-30 18:28:00] REMOTE_ADD              /WRResources/CKEditor/plugins/a11yhelp/dialogs/lang/hr.js
[2016-11-30 18:28:00] REMOTE_ADD              /WRResources/CKEditor/skins/kama/images/dialog_sides_rtl.png
[2016-11-30 18:28:00] REMOTE_ADD              /Resources/PowerIndex.Next.png
[2016-11-30 18:28:00] REMOTE_ADD              /WRResources/CKEditor/filemanager/browser/default/images/FolderUp.gif
[2016-11-30 18:28:00] REMOTE_ADD      RESTART /WEB-INF/classes/datamodel.xml
[2016-11-30 18:28:00] REMOTE_ADD      RESTART /WEB-INF/conf/RTXLogConfig.properties
[2016-11-30 18:28:00] REMOTE_ADD              /WEB-INF/descr/kln19.descr
[2016-11-30 18:28:00] REMOTE_ADD              /WRResources/timepicker/i18n/jquery-ui-timepicker-zh.js
[2016-11-30 18:28:00] REMOTE_ADD              /WEB-INF/descr/mssu13.descr
[2016-11-30 18:28:00] REMOTE_ADD              /WEB-INF/descr/ln12.descr
[2016-11-30 18:28:00] REMOTE_ADD              /WEB-INF/classes/com/webratio/webapp/User.java
[2016-11-30 18:28:00] REMOTE_ADD      RESTART /WEB-INF/lib/commons-logging.jar
[2016-11-30 18:28:00] REMOTE_ADD              /WRResources/CKEditor/plugins/smiley/images/teeth_smile.png
[2016-11-30 18:28:00] REMOTE_ADD              /WEB-INF/descr/ln2.descr
[2016-11-30 18:28:00] REMOTE_ADD      RESTART /WEB-INF/classes/session_vdb.hibernate.cfg.xml
[2016-11-30 18:28:00] REMOTE_ADD              /WRResources/CKEditor/plugins/dialog/dialogDefinition.js
[2016-11-30 18:28:00] REMOTE_ADD              /WRResources/CKEditor/plugins/a11yhelp/dialogs/lang/en.js
[2016-11-30 18:28:00] REMOTE_ADD              /WRResources/CKEditor/skins/moono/readme.md
[2016-11-30 18:28:00] REMOTE_ADD              /WRResources/ajax/jquery-ui/i18n/jquery.ui.datepicker-it.js
[2016-11-30 18:28:00] REMOTE_ADD              /WEB-INF/descr/kln9.descr
[2016-11-30 18:28:00] REMOTE_ADD              /WEB-INF/descr/icu6.descr
[2016-11-30 18:28:00] REMOTE_ADD              /wrdefault/css/default.css
[2016-11-30 18:28:00] REMOTE_ADD              /BootstrapStyle/css/BlogHome.css
[2016-11-30 18:28:00] REMOTE_ADD              /WRResources/docicon.png
[2016-11-30 18:28:00] REMOTE_ADD              /WRResources/CKEditor/lang/ku.js
[2016-11-30 18:28:00] REMOTE_ADD              /WRResources/CKEditor/plugins/preview/preview.html
[2016-11-30 18:28:00] REMOTE_ADD      RESTART /WEB-INF/lib/com.webratio.lib.dom4j.jar
[2016-11-30 18:28:00] REMOTE_ADD              /WEB-INF/descr/oln1.descr
[2016-11-30 18:28:00] REMOTE_ADD              /WRResources/CKEditor/plugins/forms/dialogs/checkbox.js
[2016-11-30 18:28:00] REMOTE_ADD              /WRResources/CKEditor/filemanager/browser/default/images/icons/32/vsd.gif
[2016-11-30 18:28:00] REMOTE_ADD              /WRResources/timepicker/i18n/jquery-ui-timepicker-ko.js
[2016-11-30 18:28:00] REMOTE_ADD              /WRResources/CKEditor/plugins/tabletools/dialogs/tableCell.js
[2016-11-30 18:28:00] REMOTE_ADD              /page7.jsp
[2016-11-30 18:28:00] REMOTE_ADD              /WRResources/CKEditor/plugins/smiley/images/lightbulb.png
[2016-11-30 18:28:00] REMOTE_ADD              /WRResources/timepicker/i18n/jquery-ui-timepicker-pt.js
[2016-11-30 18:28:00] REMOTE_ADD              /BootstrapStyle/font-awesome-4.6.3/scss/_mixins.scss
[2016-11-30 18:28:00] REMOTE_ADD              /WRResources/CKEditor/plugins/templates/templates/images/template2.gif
[2016-11-30 18:28:00] REMOTE_ADD              /wrdefault/images/database_error.png
[2016-11-30 18:28:00] REMOTE_ADD      RESTART /WEB-INF/lib/quartz-all.jar
[2016-11-30 18:28:00] REMOTE_ADD              /BootstrapStyle/js/fieldCheck.js
[2016-11-30 18:28:00] REMOTE_ADD              /WRResources/CKEditor/plugins/a11yhelp/dialogs/lang/th.js
[2016-11-30 18:28:00] REMOTE_ADD              /WRResources/CKEditor/plugins/smiley/images/tounge_smile.gif
[2016-11-30 18:28:00] REMOTE_ADD              /WRResources/CKEditor/filemanager/browser/default/images/icons/zip.gif
[2016-11-30 18:28:00] REMOTE_ADD              /WEB-INF/descr/_access.descr
[2016-11-30 18:28:00] REMOTE_ADD              /WRResources/CKEditor/lang/eu.js
[2016-11-30 18:28:00] REMOTE_ADD              /WRResources/CKEditor/plugins/showblocks/images/block_div.png
[2016-11-30 18:28:00] REMOTE_ADD              /WRResources/CKEditor/filemanager/browser/default/images/icons/32/exe.gif
[2016-11-30 18:28:00] REMOTE_ADD              /WRResources/CKEditor/lang/th.js
[2016-11-30 18:28:00] REMOTE_ADD              /BootstrapStyle/font-awesome-4.6.3/less/font-awesome.less
[2016-11-30 18:28:00] REMOTE_ADD              /WRResources/ajax/jquery-ui/i18n/jquery.ui.datepicker-ro.js
[2016-11-30 18:28:00] REMOTE_ADD              /WEB-INF/descr/oln27.descr
[2016-11-30 18:28:00] REMOTE_ADD              /BootstrapStyle/font-awesome-4.6.3/fonts/fontawesome-webfont.woff
[2016-11-30 18:28:00] REMOTE_ADD      RESTART /WEB-INF/lib/bcel.jar
[2016-11-30 18:28:00] REMOTE_ADD              /BootstrapStyle/js/adjustPath.js
[2016-11-30 18:28:00] REMOTE_ADD              /WEB-INF/descr/ln29.descr
[2016-11-30 18:28:00] REMOTE_ADD              /builtin/grid_responsive_24.css
[2016-11-30 18:28:00] REMOTE_ADD              /BootstrapStyle/font-awesome-4.6.3/scss/_animated.scss
[2016-11-30 18:28:00] REMOTE_ADD              /WEB-INF/administration/WRAdmin.jsp
[2016-11-30 18:28:00] REMOTE_ADD              /WRResources/CKEditor/plugins/smiley/images/thumbs_down.gif
[2016-11-30 18:28:00] REMOTE_ADD      RESTART /WEB-INF/lib/commons-fileupload.jar
[2016-11-30 18:28:00] REMOTE_ADD              /BootstrapStyle/font-awesome-4.6.3/HELP-US-OUT.txt
[2016-11-30 18:28:00] REMOTE_ADD              /WEB-INF/descr/page11.descr
[2016-11-30 18:28:00] REMOTE_ADD              /WEB-INF/descr/page1.link.descr
[2016-11-30 18:28:00] REMOTE_ADD              /WEB-INF/descr/mssu15.descr
[2016-11-30 18:28:00] REMOTE_ADD              /WEB-INF/classes/com/webratio/webapp/Group.class
[2016-11-30 18:28:00] DELETE                  /webratio-cloud.png
[2016-11-30 18:28:00] --------------------------------------------
[2016-11-30 18:28:00] Stopping application server
[2016-11-30 18:28:13] Uploading changes (446.5 KB)
[2016-11-30 18:28:15] Starting application server
