[23 Nov 2016 15:37:43] Building database metadata model
[23 Nov 2016 15:37:43] Properties: {partialRefresh=false, processColumnsUsingSelect=, includePrimaryKeys=true, eventSocketClient=com.webratio.commons.net.EventSocketClient@705f6d64, includeTables=true, username=freeapp3, outputLogPath=C:\WebRatio\WebRatio Platform 7.2.14.x64bit\codebots0x5\workspace\CEN5039\.Temp~\DB.xml.log, readIndexes=null, driverClass=com.mysql.jdbc.Driver, includeSynonyms=true, metaDataProviderClass=com.webratio.commons.db.metadata.MySQLMetaDataProvider, outputPath=C:\WebRatio\WebRatio Platform 7.2.14.x64bit\codebots0x5\workspace\CEN5039\.Temp~\DB.xml, schemaRegex=null, readProcedures=null, includeViews=true, derby.system.home=C:\WebRatio\WebRatio Platform 7.2.14.x64bit\codebots0x5\workspace\.metadata\.plugins\com.webratio.commons.db\derby, url=jdbc:mysql://52.213.178.53:3306/freeapp3, tableRegex=null, readSQLDefinitions=true, includeForeignKeys=false, retrieveAllNames=false, tablesToRefresh=, eventSocketPort=55654}
[23 Nov 2016 15:37:43] URL: jdbc:mysql://52.213.178.53:3306/freeapp3
[23 Nov 2016 15:37:43] Product name: MySQL
[23 Nov 2016 15:37:43] Product version: 5.6.34
[23 Nov 2016 15:37:43] Driver name: MySQL Connector Java
[23 Nov 2016 15:37:43] Driver version: mysql-connector-java-5.1.31 ( Revision: alexander.soklakov@oracle.com-20140520065950-groqzzbvxprqdmnz )
[23 Nov 2016 15:37:43] Driver major version: 5
[23 Nov 2016 15:37:43] Driver minor version: 1
[23 Nov 2016 15:37:43] Identifier quote string: 1
[23 Nov 2016 15:37:43] Retrieving schemas
[23 Nov 2016 15:37:43] Retrieving [TABLE, VIEW, SYNONYM] for schema ''
[23 Nov 2016 15:37:44]   Found 'comments' [type = TABLE]
[23 Nov 2016 15:37:44]   Found 'comments_post' [type = TABLE]
[23 Nov 2016 15:37:44]   Found 'group' [type = TABLE]
[23 Nov 2016 15:37:44]   Found 'group_module' [type = TABLE]
[23 Nov 2016 15:37:44]   Found 'module' [type = TABLE]
[23 Nov 2016 15:37:44]   Found 'post' [type = TABLE]
[23 Nov 2016 15:37:44]   Found 'post_user_2' [type = TABLE]
[23 Nov 2016 15:37:44]   Found 'user' [type = TABLE]
[23 Nov 2016 15:37:44]   Found 'user_group' [type = TABLE]
[23 Nov 2016 15:37:44] Retrieving columns for 'comments' [type = TABLE]
[23 Nov 2016 15:37:44]   Found column: oid [type = INT][SQL/XOPEN type = 4][size = 10][dec. digits = 0]
[23 Nov 2016 15:37:44]   Found column: time [type = DATETIME][SQL/XOPEN type = 93][size = 19][dec. digits = 0]
[23 Nov 2016 15:37:44]   Found column: comment [type = LONGTEXT][SQL/XOPEN type = -1][size = 2147483647][dec. digits = 0]
[23 Nov 2016 15:37:44]   Found column: author [type = VARCHAR][SQL/XOPEN type = 12][size = 255][dec. digits = 0]
[23 Nov 2016 15:37:44]   Found column: postoid [type = VARCHAR][SQL/XOPEN type = 12][size = 255][dec. digits = 0]
[23 Nov 2016 15:37:44]   Found column: post_oid [type = INT][SQL/XOPEN type = 4][size = 10][dec. digits = 0]
[23 Nov 2016 15:37:44]   Found column: comments_oid [type = INT][SQL/XOPEN type = 4][size = 10][dec. digits = 0]
[23 Nov 2016 15:37:44] Retrieving primary keys for 'comments' [type = TABLE]
[23 Nov 2016 15:37:44]   Found primary key column: oid
[23 Nov 2016 15:37:44] Retrieving columns for 'comments_post' [type = TABLE]
[23 Nov 2016 15:37:44]   Found column: comments_oid [type = INT][SQL/XOPEN type = 4][size = 10][dec. digits = 0]
[23 Nov 2016 15:37:44]   Found column: post_oid [type = INT][SQL/XOPEN type = 4][size = 10][dec. digits = 0]
[23 Nov 2016 15:37:44] Retrieving primary keys for 'comments_post' [type = TABLE]
[23 Nov 2016 15:37:44]   Found primary key column: comments_oid
[23 Nov 2016 15:37:44]   Found primary key column: post_oid
[23 Nov 2016 15:37:44] Retrieving columns for 'group' [type = TABLE]
[23 Nov 2016 15:37:45]   Found column: oid [type = INT][SQL/XOPEN type = 4][size = 10][dec. digits = 0]
[23 Nov 2016 15:37:45]   Found column: groupname [type = VARCHAR][SQL/XOPEN type = 12][size = 255][dec. digits = 0]
[23 Nov 2016 15:37:45]   Found column: module_oid [type = INT][SQL/XOPEN type = 4][size = 10][dec. digits = 0]
[23 Nov 2016 15:37:45] Retrieving primary keys for 'group' [type = TABLE]
[23 Nov 2016 15:37:45]   Found primary key column: oid
[23 Nov 2016 15:37:45] Retrieving columns for 'group_module' [type = TABLE]
[23 Nov 2016 15:37:45]   Found column: group_oid [type = INT][SQL/XOPEN type = 4][size = 10][dec. digits = 0]
[23 Nov 2016 15:37:45]   Found column: module_oid [type = INT][SQL/XOPEN type = 4][size = 10][dec. digits = 0]
[23 Nov 2016 15:37:45] Retrieving primary keys for 'group_module' [type = TABLE]
[23 Nov 2016 15:37:45]   Found primary key column: group_oid
[23 Nov 2016 15:37:45]   Found primary key column: module_oid
[23 Nov 2016 15:37:45] Retrieving columns for 'module' [type = TABLE]
[23 Nov 2016 15:37:45]   Found column: oid [type = INT][SQL/XOPEN type = 4][size = 10][dec. digits = 0]
[23 Nov 2016 15:37:45]   Found column: moduleid [type = VARCHAR][SQL/XOPEN type = 12][size = 255][dec. digits = 0]
[23 Nov 2016 15:37:45]   Found column: modulename [type = VARCHAR][SQL/XOPEN type = 12][size = 255][dec. digits = 0]
[23 Nov 2016 15:37:45] Retrieving primary keys for 'module' [type = TABLE]
[23 Nov 2016 15:37:45]   Found primary key column: oid
[23 Nov 2016 15:37:45] Retrieving columns for 'post' [type = TABLE]
[23 Nov 2016 15:37:46]   Found column: oid [type = INT][SQL/XOPEN type = 4][size = 10][dec. digits = 0]
[23 Nov 2016 15:37:46]   Found column: time [type = DATETIME][SQL/XOPEN type = 93][size = 19][dec. digits = 0]
[23 Nov 2016 15:37:46]   Found column: description [type = LONGTEXT][SQL/XOPEN type = -1][size = 2147483647][dec. digits = 0]
[23 Nov 2016 15:37:46]   Found column: img [type = VARCHAR][SQL/XOPEN type = 12][size = 255][dec. digits = 0]
[23 Nov 2016 15:37:46]   Found column: imgblob [type = LONGBLOB][SQL/XOPEN type = -4][size = 2147483647][dec. digits = 0]
[23 Nov 2016 15:37:46]   Found column: title [type = VARCHAR][SQL/XOPEN type = 12][size = 255][dec. digits = 0]
[23 Nov 2016 15:37:46]   Found column: author [type = VARCHAR][SQL/XOPEN type = 12][size = 255][dec. digits = 0]
[23 Nov 2016 15:37:46]   Found column: status [type = VARCHAR][SQL/XOPEN type = 12][size = 255][dec. digits = 0]
[23 Nov 2016 15:37:46]   Found column: tag [type = VARCHAR][SQL/XOPEN type = 12][size = 255][dec. digits = 0]
[23 Nov 2016 15:37:46]   Found column: location [type = VARCHAR][SQL/XOPEN type = 12][size = 255][dec. digits = 0]
[23 Nov 2016 15:37:46] Retrieving primary keys for 'post' [type = TABLE]
[23 Nov 2016 15:37:46]   Found primary key column: oid
[23 Nov 2016 15:37:46] Retrieving columns for 'post_user_2' [type = TABLE]
[23 Nov 2016 15:37:46]   Found column: post_oid [type = INT][SQL/XOPEN type = 4][size = 10][dec. digits = 0]
[23 Nov 2016 15:37:46]   Found column: user_oid [type = INT][SQL/XOPEN type = 4][size = 10][dec. digits = 0]
[23 Nov 2016 15:37:46] Retrieving primary keys for 'post_user_2' [type = TABLE]
[23 Nov 2016 15:37:46]   Found primary key column: post_oid
[23 Nov 2016 15:37:46]   Found primary key column: user_oid
[23 Nov 2016 15:37:46] Retrieving columns for 'user' [type = TABLE]
[23 Nov 2016 15:37:46]   Found column: oid [type = INT][SQL/XOPEN type = 4][size = 10][dec. digits = 0]
[23 Nov 2016 15:37:46]   Found column: username [type = VARCHAR][SQL/XOPEN type = 12][size = 255][dec. digits = 0]
[23 Nov 2016 15:37:46]   Found column: password [type = VARCHAR][SQL/XOPEN type = 12][size = 255][dec. digits = 0]
[23 Nov 2016 15:37:46]   Found column: email [type = VARCHAR][SQL/XOPEN type = 12][size = 255][dec. digits = 0]
[23 Nov 2016 15:37:46]   Found column: last_name [type = VARCHAR][SQL/XOPEN type = 12][size = 255][dec. digits = 0]
[23 Nov 2016 15:37:46]   Found column: first_name [type = VARCHAR][SQL/XOPEN type = 12][size = 255][dec. digits = 0]
[23 Nov 2016 15:37:46]   Found column: group_oid [type = INT][SQL/XOPEN type = 4][size = 10][dec. digits = 0]
[23 Nov 2016 15:37:46]   Found column: post_oid [type = INT][SQL/XOPEN type = 4][size = 10][dec. digits = 0]
[23 Nov 2016 15:37:46] Retrieving primary keys for 'user' [type = TABLE]
[23 Nov 2016 15:37:46]   Found primary key column: oid
[23 Nov 2016 15:37:46] Retrieving columns for 'user_group' [type = TABLE]
[23 Nov 2016 15:37:47]   Found column: user_oid [type = INT][SQL/XOPEN type = 4][size = 10][dec. digits = 0]
[23 Nov 2016 15:37:47]   Found column: group_oid [type = INT][SQL/XOPEN type = 4][size = 10][dec. digits = 0]
[23 Nov 2016 15:37:47] Retrieving primary keys for 'user_group' [type = TABLE]
[23 Nov 2016 15:37:47]   Found primary key column: user_oid
[23 Nov 2016 15:37:47]   Found primary key column: group_oid
[23 Nov 2016 15:37:47] Database metadata retrieved (3495 ms)
[23 Nov 2016 15:37:47] Retrieving auto-increment columns for 'comments' [type = TABLE]
[23 Nov 2016 15:37:47] Retrieving auto-increment columns for 'comments_post' [type = TABLE]
[23 Nov 2016 15:37:47] Retrieving auto-increment columns for 'group' [type = TABLE]
[23 Nov 2016 15:37:47] Retrieving auto-increment columns for 'group_module' [type = TABLE]
[23 Nov 2016 15:37:47] Retrieving auto-increment columns for 'module' [type = TABLE]
[23 Nov 2016 15:37:47] Retrieving auto-increment columns for 'post' [type = TABLE]
[23 Nov 2016 15:37:48] Retrieving auto-increment columns for 'post_user_2' [type = TABLE]
[23 Nov 2016 15:37:48] Retrieving auto-increment columns for 'user' [type = TABLE]
[23 Nov 2016 15:37:48] Retrieving auto-increment columns for 'user_group' [type = TABLE]
[23 Nov 2016 15:37:48] Database connection closed
